<!DOCTYPE html>
<html>
<head>
<meta http-equiv="Content-Type" content="text/html; charset=utf-8"/>
<meta http-equiv="x-ua-compatible" content="IE=edge"/>
<title>Test results - Class ca.waterloo.dsg.graphflow.query.executors.csp.ContinuousUndirWeightedShortestPathPositiveEdgesExecutorTest</title>
<link href="../css/base-style.css" rel="stylesheet" type="text/css"/>
<link href="../css/style.css" rel="stylesheet" type="text/css"/>
<script src="../js/report.js" type="text/javascript"></script>
</head>
<body>
<div id="content">
<h1>Class ca.waterloo.dsg.graphflow.query.executors.csp.ContinuousUndirWeightedShortestPathPositiveEdgesExecutorTest</h1>
<div class="breadcrumbs">
<a href="../index.html">all</a> &gt; 
<a href="../packages/ca.waterloo.dsg.graphflow.query.executors.csp.html">ca.waterloo.dsg.graphflow.query.executors.csp</a> &gt; ContinuousUndirWeightedShortestPathPositiveEdgesExecutorTest</div>
<div id="summary">
<table>
<tr>
<td>
<div class="summaryGroup">
<table>
<tr>
<td>
<div class="infoBox" id="tests">
<div class="counter">2</div>
<p>tests</p>
</div>
</td>
<td>
<div class="infoBox" id="failures">
<div class="counter">2</div>
<p>failures</p>
</div>
</td>
<td>
<div class="infoBox" id="ignored">
<div class="counter">0</div>
<p>ignored</p>
</div>
</td>
<td>
<div class="infoBox" id="duration">
<div class="counter">0.005s</div>
<p>duration</p>
</div>
</td>
</tr>
</table>
</div>
</td>
<td>
<div class="infoBox failures" id="successRate">
<div class="percent">0%</div>
<p>successful</p>
</div>
</td>
</tr>
</table>
</div>
<div id="tabs">
<ul class="tabLinks">
<li>
<a href="#tab0">Failed tests</a>
</li>
<li>
<a href="#tab1">Tests</a>
</li>
<li>
<a href="#tab2">Standard output</a>
</li>
</ul>
<div id="tab0" class="tab">
<h2>Failed tests</h2>
<div class="test">
<a name="testContinuousShortestPathsNewCyclicMixed"></a>
<h3 class="failures">testContinuousShortestPathsNewCyclicMixed</h3>
<span class="code">
<pre>java.lang.IndexOutOfBoundsException: Index 0 out of bounds for length 0
	at java.base/jdk.internal.util.Preconditions.outOfBounds(Preconditions.java:64)
	at java.base/jdk.internal.util.Preconditions.outOfBoundsCheckIndex(Preconditions.java:70)
	at java.base/jdk.internal.util.Preconditions.checkIndex(Preconditions.java:248)
	at java.base/java.util.Objects.checkIndex(Objects.java:372)
	at java.base/java.util.ArrayList.get(ArrayList.java:459)
	at ca.waterloo.dsg.graphflow.query.executors.csp.MultiQueryDiff.getDiffs(MultiQueryDiff.java:84)
	at ca.waterloo.dsg.graphflow.query.executors.csp.Distances.getMergedDiffs(Distances.java:465)
	at ca.waterloo.dsg.graphflow.query.executors.csp.Distances.setVertexDistance(Distances.java:504)
	at ca.waterloo.dsg.graphflow.query.executors.csp.Distances.&lt;init&gt;(Distances.java:233)
	at ca.waterloo.dsg.graphflow.query.executors.csp.NewUnidirectionalDifferentialBFS.initFrontierAndSourceDistance(NewUnidirectionalDifferentialBFS.java:103)
	at ca.waterloo.dsg.graphflow.query.executors.csp.NewUnidirectionalDifferentialBFS.&lt;init&gt;(NewUnidirectionalDifferentialBFS.java:56)
	at ca.waterloo.dsg.graphflow.query.executors.csp.NewUnidirectionalWeightedDifferentialBFS.&lt;init&gt;(NewUnidirectionalWeightedDifferentialBFS.java:27)
	at ca.waterloo.dsg.graphflow.query.executors.csp.NewWeightedDifferentialBFSWithPositiveEdges.&lt;init&gt;(NewWeightedDifferentialBFSWithPositiveEdges.java:15)
	at ca.waterloo.dsg.graphflow.query.plans.ContinuousDiffBFSShortestPathPlan.setDiffBFS(ContinuousDiffBFSShortestPathPlan.java:135)
	at ca.waterloo.dsg.graphflow.query.plans.ContinuousDiffBFSShortestPathPlan.&lt;init&gt;(ContinuousDiffBFSShortestPathPlan.java:45)
	at ca.waterloo.dsg.graphflow.query.planner.ContinuousShortestPathPlanner.plan(ContinuousShortestPathPlanner.java:65)
	at ca.waterloo.dsg.graphflow.query.executors.csp.BaseContinuousShortestPathExecutorTest.registerContinuousSPPlan(BaseContinuousShortestPathExecutorTest.java:43)
	at ca.waterloo.dsg.graphflow.query.executors.csp.ContinuousUndirWeightedShortestPathPositiveEdgesExecutorTest.registerContinuousSPPlan(ContinuousUndirWeightedShortestPathPositiveEdgesExecutorTest.java:105)
	at ca.waterloo.dsg.graphflow.query.executors.csp.ContinuousUndirWeightedShortestPathPositiveEdgesExecutorTest.constructSampleGraphAndRegisterContSPQuery(ContinuousUndirWeightedShortestPathPositiveEdgesExecutorTest.java:99)
	at ca.waterloo.dsg.graphflow.query.executors.csp.ContinuousUndirWeightedShortestPathPositiveEdgesExecutorTest.testContinuousShortestPathsNewCyclicMixed(ContinuousUndirWeightedShortestPathPositiveEdgesExecutorTest.java:33)
	at java.base/jdk.internal.reflect.NativeMethodAccessorImpl.invoke0(Native Method)
	at java.base/jdk.internal.reflect.NativeMethodAccessorImpl.invoke(NativeMethodAccessorImpl.java:62)
	at java.base/jdk.internal.reflect.DelegatingMethodAccessorImpl.invoke(DelegatingMethodAccessorImpl.java:43)
	at java.base/java.lang.reflect.Method.invoke(Method.java:566)
	at org.junit.runners.model.FrameworkMethod$1.runReflectiveCall(FrameworkMethod.java:50)
	at org.junit.internal.runners.model.ReflectiveCallable.run(ReflectiveCallable.java:12)
	at org.junit.runners.model.FrameworkMethod.invokeExplosively(FrameworkMethod.java:47)
	at org.junit.internal.runners.statements.InvokeMethod.evaluate(InvokeMethod.java:17)
	at org.junit.internal.runners.statements.RunBefores.evaluate(RunBefores.java:26)
	at org.junit.internal.runners.statements.RunAfters.evaluate(RunAfters.java:27)
	at org.junit.rules.ExternalResource$1.evaluate(ExternalResource.java:48)
	at org.junit.rules.RunRules.evaluate(RunRules.java:20)
	at org.junit.runners.ParentRunner.runLeaf(ParentRunner.java:325)
	at org.junit.runners.BlockJUnit4ClassRunner.runChild(BlockJUnit4ClassRunner.java:78)
	at org.junit.runners.BlockJUnit4ClassRunner.runChild(BlockJUnit4ClassRunner.java:57)
	at org.junit.runners.ParentRunner$3.run(ParentRunner.java:290)
	at org.junit.runners.ParentRunner$1.schedule(ParentRunner.java:71)
	at org.junit.runners.ParentRunner.runChildren(ParentRunner.java:288)
	at org.junit.runners.ParentRunner.access$000(ParentRunner.java:58)
	at org.junit.runners.ParentRunner$2.evaluate(ParentRunner.java:268)
	at org.junit.runners.ParentRunner.run(ParentRunner.java:363)
	at org.gradle.api.internal.tasks.testing.junit.JUnitTestClassExecutor.runTestClass(JUnitTestClassExecutor.java:110)
	at org.gradle.api.internal.tasks.testing.junit.JUnitTestClassExecutor.execute(JUnitTestClassExecutor.java:58)
	at org.gradle.api.internal.tasks.testing.junit.JUnitTestClassExecutor.execute(JUnitTestClassExecutor.java:38)
	at org.gradle.api.internal.tasks.testing.junit.AbstractJUnitTestClassProcessor.processTestClass(AbstractJUnitTestClassProcessor.java:62)
	at org.gradle.api.internal.tasks.testing.SuiteTestClassProcessor.processTestClass(SuiteTestClassProcessor.java:51)
	at java.base/jdk.internal.reflect.NativeMethodAccessorImpl.invoke0(Native Method)
	at java.base/jdk.internal.reflect.NativeMethodAccessorImpl.invoke(NativeMethodAccessorImpl.java:62)
	at java.base/jdk.internal.reflect.DelegatingMethodAccessorImpl.invoke(DelegatingMethodAccessorImpl.java:43)
	at java.base/java.lang.reflect.Method.invoke(Method.java:566)
	at org.gradle.internal.dispatch.ReflectionDispatch.dispatch(ReflectionDispatch.java:36)
	at org.gradle.internal.dispatch.ReflectionDispatch.dispatch(ReflectionDispatch.java:24)
	at org.gradle.internal.dispatch.ContextClassLoaderDispatch.dispatch(ContextClassLoaderDispatch.java:33)
	at org.gradle.internal.dispatch.ProxyDispatchAdapter$DispatchingInvocationHandler.invoke(ProxyDispatchAdapter.java:94)
	at com.sun.proxy.$Proxy2.processTestClass(Unknown Source)
	at org.gradle.api.internal.tasks.testing.worker.TestWorker.processTestClass(TestWorker.java:119)
	at java.base/jdk.internal.reflect.NativeMethodAccessorImpl.invoke0(Native Method)
	at java.base/jdk.internal.reflect.NativeMethodAccessorImpl.invoke(NativeMethodAccessorImpl.java:62)
	at java.base/jdk.internal.reflect.DelegatingMethodAccessorImpl.invoke(DelegatingMethodAccessorImpl.java:43)
	at java.base/java.lang.reflect.Method.invoke(Method.java:566)
	at org.gradle.internal.dispatch.ReflectionDispatch.dispatch(ReflectionDispatch.java:36)
	at org.gradle.internal.dispatch.ReflectionDispatch.dispatch(ReflectionDispatch.java:24)
	at org.gradle.internal.remote.internal.hub.MessageHubBackedObjectConnection$DispatchWrapper.dispatch(MessageHubBackedObjectConnection.java:182)
	at org.gradle.internal.remote.internal.hub.MessageHubBackedObjectConnection$DispatchWrapper.dispatch(MessageHubBackedObjectConnection.java:164)
	at org.gradle.internal.remote.internal.hub.MessageHub$Handler.run(MessageHub.java:414)
	at org.gradle.internal.concurrent.ExecutorPolicy$CatchAndRecordFailures.onExecute(ExecutorPolicy.java:64)
	at org.gradle.internal.concurrent.ManagedExecutorImpl$1.run(ManagedExecutorImpl.java:48)
	at java.base/java.util.concurrent.ThreadPoolExecutor.runWorker(ThreadPoolExecutor.java:1128)
	at java.base/java.util.concurrent.ThreadPoolExecutor$Worker.run(ThreadPoolExecutor.java:628)
	at org.gradle.internal.concurrent.ThreadFactoryImpl$ManagedThreadRunnable.run(ThreadFactoryImpl.java:56)
	at java.base/java.lang.Thread.run(Thread.java:834)
</pre>
</span>
</div>
<div class="test">
<a name="testContinuousShortestPathsPositiveBasic"></a>
<h3 class="failures">testContinuousShortestPathsPositiveBasic</h3>
<span class="code">
<pre>java.lang.IndexOutOfBoundsException: Index 0 out of bounds for length 0
	at java.base/jdk.internal.util.Preconditions.outOfBounds(Preconditions.java:64)
	at java.base/jdk.internal.util.Preconditions.outOfBoundsCheckIndex(Preconditions.java:70)
	at java.base/jdk.internal.util.Preconditions.checkIndex(Preconditions.java:248)
	at java.base/java.util.Objects.checkIndex(Objects.java:372)
	at java.base/java.util.ArrayList.get(ArrayList.java:459)
	at ca.waterloo.dsg.graphflow.query.executors.csp.MultiQueryDiff.getDiffs(MultiQueryDiff.java:84)
	at ca.waterloo.dsg.graphflow.query.executors.csp.Distances.getMergedDiffs(Distances.java:465)
	at ca.waterloo.dsg.graphflow.query.executors.csp.Distances.setVertexDistance(Distances.java:504)
	at ca.waterloo.dsg.graphflow.query.executors.csp.Distances.&lt;init&gt;(Distances.java:233)
	at ca.waterloo.dsg.graphflow.query.executors.csp.NewUnidirectionalDifferentialBFS.initFrontierAndSourceDistance(NewUnidirectionalDifferentialBFS.java:103)
	at ca.waterloo.dsg.graphflow.query.executors.csp.NewUnidirectionalDifferentialBFS.&lt;init&gt;(NewUnidirectionalDifferentialBFS.java:56)
	at ca.waterloo.dsg.graphflow.query.executors.csp.NewUnidirectionalWeightedDifferentialBFS.&lt;init&gt;(NewUnidirectionalWeightedDifferentialBFS.java:27)
	at ca.waterloo.dsg.graphflow.query.executors.csp.NewWeightedDifferentialBFSWithPositiveEdges.&lt;init&gt;(NewWeightedDifferentialBFSWithPositiveEdges.java:15)
	at ca.waterloo.dsg.graphflow.query.plans.ContinuousDiffBFSShortestPathPlan.setDiffBFS(ContinuousDiffBFSShortestPathPlan.java:135)
	at ca.waterloo.dsg.graphflow.query.plans.ContinuousDiffBFSShortestPathPlan.&lt;init&gt;(ContinuousDiffBFSShortestPathPlan.java:45)
	at ca.waterloo.dsg.graphflow.query.planner.ContinuousShortestPathPlanner.plan(ContinuousShortestPathPlanner.java:65)
	at ca.waterloo.dsg.graphflow.query.executors.csp.BaseContinuousShortestPathExecutorTest.registerContinuousSPPlan(BaseContinuousShortestPathExecutorTest.java:43)
	at ca.waterloo.dsg.graphflow.query.executors.csp.ContinuousUndirWeightedShortestPathPositiveEdgesExecutorTest.registerContinuousSPPlan(ContinuousUndirWeightedShortestPathPositiveEdgesExecutorTest.java:105)
	at ca.waterloo.dsg.graphflow.query.executors.csp.ContinuousUndirWeightedShortestPathPositiveEdgesExecutorTest.testContinuousShortestPathsPositiveBasic(ContinuousUndirWeightedShortestPathPositiveEdgesExecutorTest.java:64)
	at java.base/jdk.internal.reflect.NativeMethodAccessorImpl.invoke0(Native Method)
	at java.base/jdk.internal.reflect.NativeMethodAccessorImpl.invoke(NativeMethodAccessorImpl.java:62)
	at java.base/jdk.internal.reflect.DelegatingMethodAccessorImpl.invoke(DelegatingMethodAccessorImpl.java:43)
	at java.base/java.lang.reflect.Method.invoke(Method.java:566)
	at org.junit.runners.model.FrameworkMethod$1.runReflectiveCall(FrameworkMethod.java:50)
	at org.junit.internal.runners.model.ReflectiveCallable.run(ReflectiveCallable.java:12)
	at org.junit.runners.model.FrameworkMethod.invokeExplosively(FrameworkMethod.java:47)
	at org.junit.internal.runners.statements.InvokeMethod.evaluate(InvokeMethod.java:17)
	at org.junit.internal.runners.statements.RunBefores.evaluate(RunBefores.java:26)
	at org.junit.internal.runners.statements.RunAfters.evaluate(RunAfters.java:27)
	at org.junit.rules.ExternalResource$1.evaluate(ExternalResource.java:48)
	at org.junit.rules.RunRules.evaluate(RunRules.java:20)
	at org.junit.runners.ParentRunner.runLeaf(ParentRunner.java:325)
	at org.junit.runners.BlockJUnit4ClassRunner.runChild(BlockJUnit4ClassRunner.java:78)
	at org.junit.runners.BlockJUnit4ClassRunner.runChild(BlockJUnit4ClassRunner.java:57)
	at org.junit.runners.ParentRunner$3.run(ParentRunner.java:290)
	at org.junit.runners.ParentRunner$1.schedule(ParentRunner.java:71)
	at org.junit.runners.ParentRunner.runChildren(ParentRunner.java:288)
	at org.junit.runners.ParentRunner.access$000(ParentRunner.java:58)
	at org.junit.runners.ParentRunner$2.evaluate(ParentRunner.java:268)
	at org.junit.runners.ParentRunner.run(ParentRunner.java:363)
	at org.gradle.api.internal.tasks.testing.junit.JUnitTestClassExecutor.runTestClass(JUnitTestClassExecutor.java:110)
	at org.gradle.api.internal.tasks.testing.junit.JUnitTestClassExecutor.execute(JUnitTestClassExecutor.java:58)
	at org.gradle.api.internal.tasks.testing.junit.JUnitTestClassExecutor.execute(JUnitTestClassExecutor.java:38)
	at org.gradle.api.internal.tasks.testing.junit.AbstractJUnitTestClassProcessor.processTestClass(AbstractJUnitTestClassProcessor.java:62)
	at org.gradle.api.internal.tasks.testing.SuiteTestClassProcessor.processTestClass(SuiteTestClassProcessor.java:51)
	at java.base/jdk.internal.reflect.NativeMethodAccessorImpl.invoke0(Native Method)
	at java.base/jdk.internal.reflect.NativeMethodAccessorImpl.invoke(NativeMethodAccessorImpl.java:62)
	at java.base/jdk.internal.reflect.DelegatingMethodAccessorImpl.invoke(DelegatingMethodAccessorImpl.java:43)
	at java.base/java.lang.reflect.Method.invoke(Method.java:566)
	at org.gradle.internal.dispatch.ReflectionDispatch.dispatch(ReflectionDispatch.java:36)
	at org.gradle.internal.dispatch.ReflectionDispatch.dispatch(ReflectionDispatch.java:24)
	at org.gradle.internal.dispatch.ContextClassLoaderDispatch.dispatch(ContextClassLoaderDispatch.java:33)
	at org.gradle.internal.dispatch.ProxyDispatchAdapter$DispatchingInvocationHandler.invoke(ProxyDispatchAdapter.java:94)
	at com.sun.proxy.$Proxy2.processTestClass(Unknown Source)
	at org.gradle.api.internal.tasks.testing.worker.TestWorker.processTestClass(TestWorker.java:119)
	at java.base/jdk.internal.reflect.NativeMethodAccessorImpl.invoke0(Native Method)
	at java.base/jdk.internal.reflect.NativeMethodAccessorImpl.invoke(NativeMethodAccessorImpl.java:62)
	at java.base/jdk.internal.reflect.DelegatingMethodAccessorImpl.invoke(DelegatingMethodAccessorImpl.java:43)
	at java.base/java.lang.reflect.Method.invoke(Method.java:566)
	at org.gradle.internal.dispatch.ReflectionDispatch.dispatch(ReflectionDispatch.java:36)
	at org.gradle.internal.dispatch.ReflectionDispatch.dispatch(ReflectionDispatch.java:24)
	at org.gradle.internal.remote.internal.hub.MessageHubBackedObjectConnection$DispatchWrapper.dispatch(MessageHubBackedObjectConnection.java:182)
	at org.gradle.internal.remote.internal.hub.MessageHubBackedObjectConnection$DispatchWrapper.dispatch(MessageHubBackedObjectConnection.java:164)
	at org.gradle.internal.remote.internal.hub.MessageHub$Handler.run(MessageHub.java:414)
	at org.gradle.internal.concurrent.ExecutorPolicy$CatchAndRecordFailures.onExecute(ExecutorPolicy.java:64)
	at org.gradle.internal.concurrent.ManagedExecutorImpl$1.run(ManagedExecutorImpl.java:48)
	at java.base/java.util.concurrent.ThreadPoolExecutor.runWorker(ThreadPoolExecutor.java:1128)
	at java.base/java.util.concurrent.ThreadPoolExecutor$Worker.run(ThreadPoolExecutor.java:628)
	at org.gradle.internal.concurrent.ThreadFactoryImpl$ManagedThreadRunnable.run(ThreadFactoryImpl.java:56)
	at java.base/java.lang.Thread.run(Thread.java:834)
</pre>
</span>
</div>
</div>
<div id="tab1" class="tab">
<h2>Tests</h2>
<table>
<thead>
<tr>
<th>Test</th>
<th>Duration</th>
<th>Result</th>
</tr>
</thead>
<tr>
<td class="failures">testContinuousShortestPathsNewCyclicMixed</td>
<td class="failures">0.003s</td>
<td class="failures">failed</td>
</tr>
<tr>
<td class="failures">testContinuousShortestPathsPositiveBasic</td>
<td class="failures">0.002s</td>
<td class="failures">failed</td>
</tr>
</table>
</div>
<div id="tab2" class="tab">
<h2>Standard output</h2>
<span class="code">
<pre>Create query: 
CREATE (1:Person)-[:FOLLOWS WGHT:4.0]-&gt;(4:Person), (2:Person)-[:FOLLOWS WGHT:3.0]-&gt;(1:Person), (2:Person)-[:FOLLOWS WGHT:4.5]-&gt;(7:Person), (3:Person)-[:FOLLOWS WGHT:7.0]-&gt;(1:Person), (4:Person)-[:FOLLOWS WGHT:2.0]-&gt;(5:Person), (4:Person)-[:FOLLOWS WGHT:6.0]-&gt;(2:Person), (5:Person)-[:FOLLOWS WGHT:5.5]-&gt;(6:Person), (5:Person)-[:FOLLOWS WGHT:2.5]-&gt;(2:Person), (5:Person)-[:FOLLOWS WGHT:3.0]-&gt;(3:Person), (6:Person)-[:FOLLOWS WGHT:1.0]-&gt;(5:Person), (6:Person)-[:FOLLOWS WGHT:3.0]-&gt;(7:Person), (7:Person)-[:FOLLOWS WGHT:10.0]-&gt;(4:Person), (7:Person)-[:FOLLOWS WGHT:2.0]-&gt;(3:Person);
Create query: 
CREATE (1:Person)-[:FOLLOWS WGHT:5.0]-&gt;(2:Person), (2:Person)-[:FOLLOWS WGHT:3.0]-&gt;(3:Person), (3:Person)-[:FOLLOWS WGHT:4.5]-&gt;(4:Person);
</pre>
</span>
</div>
</div>
<div id="footer">
<p>
<div>
<label class="hidden" id="label-for-line-wrapping-toggle" for="line-wrapping-toggle">Wrap lines
<input id="line-wrapping-toggle" type="checkbox" autocomplete="off"/>
</label>
</div>Generated by 
<a href="http://www.gradle.org">Gradle 6.8</a> at Jan. 24, 2021, 12:19:37 p.m.</p>
</div>
</div>
</body>
</html>
