<!DOCTYPE html>
<html>
<head>
<meta http-equiv="Content-Type" content="text/html; charset=utf-8"/>
<meta http-equiv="x-ua-compatible" content="IE=edge"/>
<title>Test results - Class ca.waterloo.dsg.graphflow.query.executors.csp.ContinuousUnidirUnweightedShortestPathExecutorTest</title>
<link href="../css/base-style.css" rel="stylesheet" type="text/css"/>
<link href="../css/style.css" rel="stylesheet" type="text/css"/>
<script src="../js/report.js" type="text/javascript"></script>
</head>
<body>
<div id="content">
<h1>Class ca.waterloo.dsg.graphflow.query.executors.csp.ContinuousUnidirUnweightedShortestPathExecutorTest</h1>
<div class="breadcrumbs">
<a href="../index.html">all</a> &gt; 
<a href="../packages/ca.waterloo.dsg.graphflow.query.executors.csp.html">ca.waterloo.dsg.graphflow.query.executors.csp</a> &gt; ContinuousUnidirUnweightedShortestPathExecutorTest</div>
<div id="summary">
<table>
<tr>
<td>
<div class="summaryGroup">
<table>
<tr>
<td>
<div class="infoBox" id="tests">
<div class="counter">13</div>
<p>tests</p>
</div>
</td>
<td>
<div class="infoBox" id="failures">
<div class="counter">13</div>
<p>failures</p>
</div>
</td>
<td>
<div class="infoBox" id="ignored">
<div class="counter">0</div>
<p>ignored</p>
</div>
</td>
<td>
<div class="infoBox" id="duration">
<div class="counter">0.036s</div>
<p>duration</p>
</div>
</td>
</tr>
</table>
</div>
</td>
<td>
<div class="infoBox failures" id="successRate">
<div class="percent">0%</div>
<p>successful</p>
</div>
</td>
</tr>
</table>
</div>
<div id="tabs">
<ul class="tabLinks">
<li>
<a href="#tab0">Failed tests</a>
</li>
<li>
<a href="#tab1">Tests</a>
</li>
<li>
<a href="#tab2">Standard output</a>
</li>
</ul>
<div id="tab0" class="tab">
<h2>Failed tests</h2>
<div class="test">
<a name="testContinuousShortestPathsAddEquilengthNewPath"></a>
<h3 class="failures">testContinuousShortestPathsAddEquilengthNewPath</h3>
<span class="code">
<pre>java.lang.IndexOutOfBoundsException: Index 0 out of bounds for length 0
	at java.base/jdk.internal.util.Preconditions.outOfBounds(Preconditions.java:64)
	at java.base/jdk.internal.util.Preconditions.outOfBoundsCheckIndex(Preconditions.java:70)
	at java.base/jdk.internal.util.Preconditions.checkIndex(Preconditions.java:248)
	at java.base/java.util.Objects.checkIndex(Objects.java:372)
	at java.base/java.util.ArrayList.get(ArrayList.java:459)
	at ca.waterloo.dsg.graphflow.query.executors.csp.MultiQueryDiff.getDiffs(MultiQueryDiff.java:84)
	at ca.waterloo.dsg.graphflow.query.executors.csp.Distances.getMergedDiffs(Distances.java:465)
	at ca.waterloo.dsg.graphflow.query.executors.csp.Distances.setVertexDistance(Distances.java:504)
	at ca.waterloo.dsg.graphflow.query.executors.csp.Distances.&lt;init&gt;(Distances.java:233)
	at ca.waterloo.dsg.graphflow.query.executors.csp.NewUnidirectionalDifferentialBFS.initFrontierAndSourceDistance(NewUnidirectionalDifferentialBFS.java:103)
	at ca.waterloo.dsg.graphflow.query.executors.csp.NewUnidirectionalDifferentialBFS.&lt;init&gt;(NewUnidirectionalDifferentialBFS.java:56)
	at ca.waterloo.dsg.graphflow.query.executors.csp.NewUnidirectionalUnweightedDifferentialBFS.&lt;init&gt;(NewUnidirectionalUnweightedDifferentialBFS.java:23)
	at ca.waterloo.dsg.graphflow.query.plans.ContinuousDiffBFSShortestPathPlan.setDiffBFS(ContinuousDiffBFSShortestPathPlan.java:66)
	at ca.waterloo.dsg.graphflow.query.plans.ContinuousDiffBFSShortestPathPlan.&lt;init&gt;(ContinuousDiffBFSShortestPathPlan.java:45)
	at ca.waterloo.dsg.graphflow.query.planner.ContinuousShortestPathPlanner.plan(ContinuousShortestPathPlanner.java:65)
	at ca.waterloo.dsg.graphflow.query.executors.csp.BaseContinuousShortestPathExecutorTest.registerContinuousSPPlan(BaseContinuousShortestPathExecutorTest.java:43)
	at ca.waterloo.dsg.graphflow.query.executors.csp.BaseContinuousUnidirBidirUnweightedShortestPathExecutorTest.registerContinuousSPPlan(BaseContinuousUnidirBidirUnweightedShortestPathExecutorTest.java:764)
	at ca.waterloo.dsg.graphflow.query.executors.csp.BaseContinuousUnidirBidirUnweightedShortestPathExecutorTest.testContinuousShortestPathsAddEquilengthNewPath(BaseContinuousUnidirBidirUnweightedShortestPathExecutorTest.java:434)
	at java.base/jdk.internal.reflect.NativeMethodAccessorImpl.invoke0(Native Method)
	at java.base/jdk.internal.reflect.NativeMethodAccessorImpl.invoke(NativeMethodAccessorImpl.java:62)
	at java.base/jdk.internal.reflect.DelegatingMethodAccessorImpl.invoke(DelegatingMethodAccessorImpl.java:43)
	at java.base/java.lang.reflect.Method.invoke(Method.java:566)
	at org.junit.runners.model.FrameworkMethod$1.runReflectiveCall(FrameworkMethod.java:50)
	at org.junit.internal.runners.model.ReflectiveCallable.run(ReflectiveCallable.java:12)
	at org.junit.runners.model.FrameworkMethod.invokeExplosively(FrameworkMethod.java:47)
	at org.junit.internal.runners.statements.InvokeMethod.evaluate(InvokeMethod.java:17)
	at org.junit.internal.runners.statements.RunBefores.evaluate(RunBefores.java:26)
	at org.junit.internal.runners.statements.RunAfters.evaluate(RunAfters.java:27)
	at org.junit.rules.ExternalResource$1.evaluate(ExternalResource.java:48)
	at org.junit.rules.RunRules.evaluate(RunRules.java:20)
	at org.junit.runners.ParentRunner.runLeaf(ParentRunner.java:325)
	at org.junit.runners.BlockJUnit4ClassRunner.runChild(BlockJUnit4ClassRunner.java:78)
	at org.junit.runners.BlockJUnit4ClassRunner.runChild(BlockJUnit4ClassRunner.java:57)
	at org.junit.runners.ParentRunner$3.run(ParentRunner.java:290)
	at org.junit.runners.ParentRunner$1.schedule(ParentRunner.java:71)
	at org.junit.runners.ParentRunner.runChildren(ParentRunner.java:288)
	at org.junit.runners.ParentRunner.access$000(ParentRunner.java:58)
	at org.junit.runners.ParentRunner$2.evaluate(ParentRunner.java:268)
	at org.junit.runners.ParentRunner.run(ParentRunner.java:363)
	at org.gradle.api.internal.tasks.testing.junit.JUnitTestClassExecutor.runTestClass(JUnitTestClassExecutor.java:110)
	at org.gradle.api.internal.tasks.testing.junit.JUnitTestClassExecutor.execute(JUnitTestClassExecutor.java:58)
	at org.gradle.api.internal.tasks.testing.junit.JUnitTestClassExecutor.execute(JUnitTestClassExecutor.java:38)
	at org.gradle.api.internal.tasks.testing.junit.AbstractJUnitTestClassProcessor.processTestClass(AbstractJUnitTestClassProcessor.java:62)
	at org.gradle.api.internal.tasks.testing.SuiteTestClassProcessor.processTestClass(SuiteTestClassProcessor.java:51)
	at java.base/jdk.internal.reflect.NativeMethodAccessorImpl.invoke0(Native Method)
	at java.base/jdk.internal.reflect.NativeMethodAccessorImpl.invoke(NativeMethodAccessorImpl.java:62)
	at java.base/jdk.internal.reflect.DelegatingMethodAccessorImpl.invoke(DelegatingMethodAccessorImpl.java:43)
	at java.base/java.lang.reflect.Method.invoke(Method.java:566)
	at org.gradle.internal.dispatch.ReflectionDispatch.dispatch(ReflectionDispatch.java:36)
	at org.gradle.internal.dispatch.ReflectionDispatch.dispatch(ReflectionDispatch.java:24)
	at org.gradle.internal.dispatch.ContextClassLoaderDispatch.dispatch(ContextClassLoaderDispatch.java:33)
	at org.gradle.internal.dispatch.ProxyDispatchAdapter$DispatchingInvocationHandler.invoke(ProxyDispatchAdapter.java:94)
	at com.sun.proxy.$Proxy2.processTestClass(Unknown Source)
	at org.gradle.api.internal.tasks.testing.worker.TestWorker.processTestClass(TestWorker.java:119)
	at java.base/jdk.internal.reflect.NativeMethodAccessorImpl.invoke0(Native Method)
	at java.base/jdk.internal.reflect.NativeMethodAccessorImpl.invoke(NativeMethodAccessorImpl.java:62)
	at java.base/jdk.internal.reflect.DelegatingMethodAccessorImpl.invoke(DelegatingMethodAccessorImpl.java:43)
	at java.base/java.lang.reflect.Method.invoke(Method.java:566)
	at org.gradle.internal.dispatch.ReflectionDispatch.dispatch(ReflectionDispatch.java:36)
	at org.gradle.internal.dispatch.ReflectionDispatch.dispatch(ReflectionDispatch.java:24)
	at org.gradle.internal.remote.internal.hub.MessageHubBackedObjectConnection$DispatchWrapper.dispatch(MessageHubBackedObjectConnection.java:182)
	at org.gradle.internal.remote.internal.hub.MessageHubBackedObjectConnection$DispatchWrapper.dispatch(MessageHubBackedObjectConnection.java:164)
	at org.gradle.internal.remote.internal.hub.MessageHub$Handler.run(MessageHub.java:414)
	at org.gradle.internal.concurrent.ExecutorPolicy$CatchAndRecordFailures.onExecute(ExecutorPolicy.java:64)
	at org.gradle.internal.concurrent.ManagedExecutorImpl$1.run(ManagedExecutorImpl.java:48)
	at java.base/java.util.concurrent.ThreadPoolExecutor.runWorker(ThreadPoolExecutor.java:1128)
	at java.base/java.util.concurrent.ThreadPoolExecutor$Worker.run(ThreadPoolExecutor.java:628)
	at org.gradle.internal.concurrent.ThreadFactoryImpl$ManagedThreadRunnable.run(ThreadFactoryImpl.java:56)
	at java.base/java.lang.Thread.run(Thread.java:834)
</pre>
</span>
</div>
<div class="test">
<a name="testContinuousShortestPathsAddVertices"></a>
<h3 class="failures">testContinuousShortestPathsAddVertices</h3>
<span class="code">
<pre>java.lang.IndexOutOfBoundsException: Index 0 out of bounds for length 0
	at java.base/jdk.internal.util.Preconditions.outOfBounds(Preconditions.java:64)
	at java.base/jdk.internal.util.Preconditions.outOfBoundsCheckIndex(Preconditions.java:70)
	at java.base/jdk.internal.util.Preconditions.checkIndex(Preconditions.java:248)
	at java.base/java.util.Objects.checkIndex(Objects.java:372)
	at java.base/java.util.ArrayList.get(ArrayList.java:459)
	at ca.waterloo.dsg.graphflow.query.executors.csp.MultiQueryDiff.getDiffs(MultiQueryDiff.java:84)
	at ca.waterloo.dsg.graphflow.query.executors.csp.Distances.getMergedDiffs(Distances.java:465)
	at ca.waterloo.dsg.graphflow.query.executors.csp.Distances.setVertexDistance(Distances.java:504)
	at ca.waterloo.dsg.graphflow.query.executors.csp.Distances.&lt;init&gt;(Distances.java:233)
	at ca.waterloo.dsg.graphflow.query.executors.csp.NewUnidirectionalDifferentialBFS.initFrontierAndSourceDistance(NewUnidirectionalDifferentialBFS.java:103)
	at ca.waterloo.dsg.graphflow.query.executors.csp.NewUnidirectionalDifferentialBFS.&lt;init&gt;(NewUnidirectionalDifferentialBFS.java:56)
	at ca.waterloo.dsg.graphflow.query.executors.csp.NewUnidirectionalUnweightedDifferentialBFS.&lt;init&gt;(NewUnidirectionalUnweightedDifferentialBFS.java:23)
	at ca.waterloo.dsg.graphflow.query.plans.ContinuousDiffBFSShortestPathPlan.setDiffBFS(ContinuousDiffBFSShortestPathPlan.java:66)
	at ca.waterloo.dsg.graphflow.query.plans.ContinuousDiffBFSShortestPathPlan.&lt;init&gt;(ContinuousDiffBFSShortestPathPlan.java:45)
	at ca.waterloo.dsg.graphflow.query.planner.ContinuousShortestPathPlanner.plan(ContinuousShortestPathPlanner.java:65)
	at ca.waterloo.dsg.graphflow.query.executors.csp.BaseContinuousShortestPathExecutorTest.registerContinuousSPPlan(BaseContinuousShortestPathExecutorTest.java:43)
	at ca.waterloo.dsg.graphflow.query.executors.csp.BaseContinuousUnidirBidirUnweightedShortestPathExecutorTest.registerContinuousSPPlan(BaseContinuousUnidirBidirUnweightedShortestPathExecutorTest.java:764)
	at ca.waterloo.dsg.graphflow.query.executors.csp.BaseContinuousUnidirBidirUnweightedShortestPathExecutorTest.testContinuousShortestPathsAddVertices(BaseContinuousUnidirBidirUnweightedShortestPathExecutorTest.java:358)
	at java.base/jdk.internal.reflect.NativeMethodAccessorImpl.invoke0(Native Method)
	at java.base/jdk.internal.reflect.NativeMethodAccessorImpl.invoke(NativeMethodAccessorImpl.java:62)
	at java.base/jdk.internal.reflect.DelegatingMethodAccessorImpl.invoke(DelegatingMethodAccessorImpl.java:43)
	at java.base/java.lang.reflect.Method.invoke(Method.java:566)
	at org.junit.runners.model.FrameworkMethod$1.runReflectiveCall(FrameworkMethod.java:50)
	at org.junit.internal.runners.model.ReflectiveCallable.run(ReflectiveCallable.java:12)
	at org.junit.runners.model.FrameworkMethod.invokeExplosively(FrameworkMethod.java:47)
	at org.junit.internal.runners.statements.InvokeMethod.evaluate(InvokeMethod.java:17)
	at org.junit.internal.runners.statements.RunBefores.evaluate(RunBefores.java:26)
	at org.junit.internal.runners.statements.RunAfters.evaluate(RunAfters.java:27)
	at org.junit.rules.ExternalResource$1.evaluate(ExternalResource.java:48)
	at org.junit.rules.RunRules.evaluate(RunRules.java:20)
	at org.junit.runners.ParentRunner.runLeaf(ParentRunner.java:325)
	at org.junit.runners.BlockJUnit4ClassRunner.runChild(BlockJUnit4ClassRunner.java:78)
	at org.junit.runners.BlockJUnit4ClassRunner.runChild(BlockJUnit4ClassRunner.java:57)
	at org.junit.runners.ParentRunner$3.run(ParentRunner.java:290)
	at org.junit.runners.ParentRunner$1.schedule(ParentRunner.java:71)
	at org.junit.runners.ParentRunner.runChildren(ParentRunner.java:288)
	at org.junit.runners.ParentRunner.access$000(ParentRunner.java:58)
	at org.junit.runners.ParentRunner$2.evaluate(ParentRunner.java:268)
	at org.junit.runners.ParentRunner.run(ParentRunner.java:363)
	at org.gradle.api.internal.tasks.testing.junit.JUnitTestClassExecutor.runTestClass(JUnitTestClassExecutor.java:110)
	at org.gradle.api.internal.tasks.testing.junit.JUnitTestClassExecutor.execute(JUnitTestClassExecutor.java:58)
	at org.gradle.api.internal.tasks.testing.junit.JUnitTestClassExecutor.execute(JUnitTestClassExecutor.java:38)
	at org.gradle.api.internal.tasks.testing.junit.AbstractJUnitTestClassProcessor.processTestClass(AbstractJUnitTestClassProcessor.java:62)
	at org.gradle.api.internal.tasks.testing.SuiteTestClassProcessor.processTestClass(SuiteTestClassProcessor.java:51)
	at java.base/jdk.internal.reflect.NativeMethodAccessorImpl.invoke0(Native Method)
	at java.base/jdk.internal.reflect.NativeMethodAccessorImpl.invoke(NativeMethodAccessorImpl.java:62)
	at java.base/jdk.internal.reflect.DelegatingMethodAccessorImpl.invoke(DelegatingMethodAccessorImpl.java:43)
	at java.base/java.lang.reflect.Method.invoke(Method.java:566)
	at org.gradle.internal.dispatch.ReflectionDispatch.dispatch(ReflectionDispatch.java:36)
	at org.gradle.internal.dispatch.ReflectionDispatch.dispatch(ReflectionDispatch.java:24)
	at org.gradle.internal.dispatch.ContextClassLoaderDispatch.dispatch(ContextClassLoaderDispatch.java:33)
	at org.gradle.internal.dispatch.ProxyDispatchAdapter$DispatchingInvocationHandler.invoke(ProxyDispatchAdapter.java:94)
	at com.sun.proxy.$Proxy2.processTestClass(Unknown Source)
	at org.gradle.api.internal.tasks.testing.worker.TestWorker.processTestClass(TestWorker.java:119)
	at java.base/jdk.internal.reflect.NativeMethodAccessorImpl.invoke0(Native Method)
	at java.base/jdk.internal.reflect.NativeMethodAccessorImpl.invoke(NativeMethodAccessorImpl.java:62)
	at java.base/jdk.internal.reflect.DelegatingMethodAccessorImpl.invoke(DelegatingMethodAccessorImpl.java:43)
	at java.base/java.lang.reflect.Method.invoke(Method.java:566)
	at org.gradle.internal.dispatch.ReflectionDispatch.dispatch(ReflectionDispatch.java:36)
	at org.gradle.internal.dispatch.ReflectionDispatch.dispatch(ReflectionDispatch.java:24)
	at org.gradle.internal.remote.internal.hub.MessageHubBackedObjectConnection$DispatchWrapper.dispatch(MessageHubBackedObjectConnection.java:182)
	at org.gradle.internal.remote.internal.hub.MessageHubBackedObjectConnection$DispatchWrapper.dispatch(MessageHubBackedObjectConnection.java:164)
	at org.gradle.internal.remote.internal.hub.MessageHub$Handler.run(MessageHub.java:414)
	at org.gradle.internal.concurrent.ExecutorPolicy$CatchAndRecordFailures.onExecute(ExecutorPolicy.java:64)
	at org.gradle.internal.concurrent.ManagedExecutorImpl$1.run(ManagedExecutorImpl.java:48)
	at java.base/java.util.concurrent.ThreadPoolExecutor.runWorker(ThreadPoolExecutor.java:1128)
	at java.base/java.util.concurrent.ThreadPoolExecutor$Worker.run(ThreadPoolExecutor.java:628)
	at org.gradle.internal.concurrent.ThreadFactoryImpl$ManagedThreadRunnable.run(ThreadFactoryImpl.java:56)
	at java.base/java.lang.Thread.run(Thread.java:834)
</pre>
</span>
</div>
<div class="test">
<a name="testContinuousShortestPathsAddition"></a>
<h3 class="failures">testContinuousShortestPathsAddition</h3>
<span class="code">
<pre>java.lang.IndexOutOfBoundsException: Index 0 out of bounds for length 0
	at java.base/jdk.internal.util.Preconditions.outOfBounds(Preconditions.java:64)
	at java.base/jdk.internal.util.Preconditions.outOfBoundsCheckIndex(Preconditions.java:70)
	at java.base/jdk.internal.util.Preconditions.checkIndex(Preconditions.java:248)
	at java.base/java.util.Objects.checkIndex(Objects.java:372)
	at java.base/java.util.ArrayList.get(ArrayList.java:459)
	at ca.waterloo.dsg.graphflow.query.executors.csp.MultiQueryDiff.getDiffs(MultiQueryDiff.java:84)
	at ca.waterloo.dsg.graphflow.query.executors.csp.Distances.getMergedDiffs(Distances.java:465)
	at ca.waterloo.dsg.graphflow.query.executors.csp.Distances.setVertexDistance(Distances.java:504)
	at ca.waterloo.dsg.graphflow.query.executors.csp.Distances.&lt;init&gt;(Distances.java:233)
	at ca.waterloo.dsg.graphflow.query.executors.csp.NewUnidirectionalDifferentialBFS.initFrontierAndSourceDistance(NewUnidirectionalDifferentialBFS.java:103)
	at ca.waterloo.dsg.graphflow.query.executors.csp.NewUnidirectionalDifferentialBFS.&lt;init&gt;(NewUnidirectionalDifferentialBFS.java:56)
	at ca.waterloo.dsg.graphflow.query.executors.csp.NewUnidirectionalUnweightedDifferentialBFS.&lt;init&gt;(NewUnidirectionalUnweightedDifferentialBFS.java:23)
	at ca.waterloo.dsg.graphflow.query.plans.ContinuousDiffBFSShortestPathPlan.setDiffBFS(ContinuousDiffBFSShortestPathPlan.java:66)
	at ca.waterloo.dsg.graphflow.query.plans.ContinuousDiffBFSShortestPathPlan.&lt;init&gt;(ContinuousDiffBFSShortestPathPlan.java:45)
	at ca.waterloo.dsg.graphflow.query.planner.ContinuousShortestPathPlanner.plan(ContinuousShortestPathPlanner.java:65)
	at ca.waterloo.dsg.graphflow.query.executors.csp.BaseContinuousShortestPathExecutorTest.registerContinuousSPPlan(BaseContinuousShortestPathExecutorTest.java:43)
	at ca.waterloo.dsg.graphflow.query.executors.csp.BaseContinuousUnidirBidirUnweightedShortestPathExecutorTest.registerContinuousSPPlan(BaseContinuousUnidirBidirUnweightedShortestPathExecutorTest.java:764)
	at ca.waterloo.dsg.graphflow.query.executors.csp.BaseContinuousUnidirBidirUnweightedShortestPathExecutorTest.testContinuousShortestPathsAddition(BaseContinuousUnidirBidirUnweightedShortestPathExecutorTest.java:114)
	at java.base/jdk.internal.reflect.NativeMethodAccessorImpl.invoke0(Native Method)
	at java.base/jdk.internal.reflect.NativeMethodAccessorImpl.invoke(NativeMethodAccessorImpl.java:62)
	at java.base/jdk.internal.reflect.DelegatingMethodAccessorImpl.invoke(DelegatingMethodAccessorImpl.java:43)
	at java.base/java.lang.reflect.Method.invoke(Method.java:566)
	at org.junit.runners.model.FrameworkMethod$1.runReflectiveCall(FrameworkMethod.java:50)
	at org.junit.internal.runners.model.ReflectiveCallable.run(ReflectiveCallable.java:12)
	at org.junit.runners.model.FrameworkMethod.invokeExplosively(FrameworkMethod.java:47)
	at org.junit.internal.runners.statements.InvokeMethod.evaluate(InvokeMethod.java:17)
	at org.junit.internal.runners.statements.RunBefores.evaluate(RunBefores.java:26)
	at org.junit.internal.runners.statements.RunAfters.evaluate(RunAfters.java:27)
	at org.junit.rules.ExternalResource$1.evaluate(ExternalResource.java:48)
	at org.junit.rules.RunRules.evaluate(RunRules.java:20)
	at org.junit.runners.ParentRunner.runLeaf(ParentRunner.java:325)
	at org.junit.runners.BlockJUnit4ClassRunner.runChild(BlockJUnit4ClassRunner.java:78)
	at org.junit.runners.BlockJUnit4ClassRunner.runChild(BlockJUnit4ClassRunner.java:57)
	at org.junit.runners.ParentRunner$3.run(ParentRunner.java:290)
	at org.junit.runners.ParentRunner$1.schedule(ParentRunner.java:71)
	at org.junit.runners.ParentRunner.runChildren(ParentRunner.java:288)
	at org.junit.runners.ParentRunner.access$000(ParentRunner.java:58)
	at org.junit.runners.ParentRunner$2.evaluate(ParentRunner.java:268)
	at org.junit.runners.ParentRunner.run(ParentRunner.java:363)
	at org.gradle.api.internal.tasks.testing.junit.JUnitTestClassExecutor.runTestClass(JUnitTestClassExecutor.java:110)
	at org.gradle.api.internal.tasks.testing.junit.JUnitTestClassExecutor.execute(JUnitTestClassExecutor.java:58)
	at org.gradle.api.internal.tasks.testing.junit.JUnitTestClassExecutor.execute(JUnitTestClassExecutor.java:38)
	at org.gradle.api.internal.tasks.testing.junit.AbstractJUnitTestClassProcessor.processTestClass(AbstractJUnitTestClassProcessor.java:62)
	at org.gradle.api.internal.tasks.testing.SuiteTestClassProcessor.processTestClass(SuiteTestClassProcessor.java:51)
	at java.base/jdk.internal.reflect.NativeMethodAccessorImpl.invoke0(Native Method)
	at java.base/jdk.internal.reflect.NativeMethodAccessorImpl.invoke(NativeMethodAccessorImpl.java:62)
	at java.base/jdk.internal.reflect.DelegatingMethodAccessorImpl.invoke(DelegatingMethodAccessorImpl.java:43)
	at java.base/java.lang.reflect.Method.invoke(Method.java:566)
	at org.gradle.internal.dispatch.ReflectionDispatch.dispatch(ReflectionDispatch.java:36)
	at org.gradle.internal.dispatch.ReflectionDispatch.dispatch(ReflectionDispatch.java:24)
	at org.gradle.internal.dispatch.ContextClassLoaderDispatch.dispatch(ContextClassLoaderDispatch.java:33)
	at org.gradle.internal.dispatch.ProxyDispatchAdapter$DispatchingInvocationHandler.invoke(ProxyDispatchAdapter.java:94)
	at com.sun.proxy.$Proxy2.processTestClass(Unknown Source)
	at org.gradle.api.internal.tasks.testing.worker.TestWorker.processTestClass(TestWorker.java:119)
	at java.base/jdk.internal.reflect.NativeMethodAccessorImpl.invoke0(Native Method)
	at java.base/jdk.internal.reflect.NativeMethodAccessorImpl.invoke(NativeMethodAccessorImpl.java:62)
	at java.base/jdk.internal.reflect.DelegatingMethodAccessorImpl.invoke(DelegatingMethodAccessorImpl.java:43)
	at java.base/java.lang.reflect.Method.invoke(Method.java:566)
	at org.gradle.internal.dispatch.ReflectionDispatch.dispatch(ReflectionDispatch.java:36)
	at org.gradle.internal.dispatch.ReflectionDispatch.dispatch(ReflectionDispatch.java:24)
	at org.gradle.internal.remote.internal.hub.MessageHubBackedObjectConnection$DispatchWrapper.dispatch(MessageHubBackedObjectConnection.java:182)
	at org.gradle.internal.remote.internal.hub.MessageHubBackedObjectConnection$DispatchWrapper.dispatch(MessageHubBackedObjectConnection.java:164)
	at org.gradle.internal.remote.internal.hub.MessageHub$Handler.run(MessageHub.java:414)
	at org.gradle.internal.concurrent.ExecutorPolicy$CatchAndRecordFailures.onExecute(ExecutorPolicy.java:64)
	at org.gradle.internal.concurrent.ManagedExecutorImpl$1.run(ManagedExecutorImpl.java:48)
	at java.base/java.util.concurrent.ThreadPoolExecutor.runWorker(ThreadPoolExecutor.java:1128)
	at java.base/java.util.concurrent.ThreadPoolExecutor$Worker.run(ThreadPoolExecutor.java:628)
	at org.gradle.internal.concurrent.ThreadFactoryImpl$ManagedThreadRunnable.run(ThreadFactoryImpl.java:56)
	at java.base/java.lang.Thread.run(Thread.java:834)
</pre>
</span>
</div>
<div class="test">
<a name="testContinuousShortestPathsLongerPath"></a>
<h3 class="failures">testContinuousShortestPathsLongerPath</h3>
<span class="code">
<pre>java.lang.IndexOutOfBoundsException: Index 0 out of bounds for length 0
	at java.base/jdk.internal.util.Preconditions.outOfBounds(Preconditions.java:64)
	at java.base/jdk.internal.util.Preconditions.outOfBoundsCheckIndex(Preconditions.java:70)
	at java.base/jdk.internal.util.Preconditions.checkIndex(Preconditions.java:248)
	at java.base/java.util.Objects.checkIndex(Objects.java:372)
	at java.base/java.util.ArrayList.get(ArrayList.java:459)
	at ca.waterloo.dsg.graphflow.query.executors.csp.MultiQueryDiff.getDiffs(MultiQueryDiff.java:84)
	at ca.waterloo.dsg.graphflow.query.executors.csp.Distances.getMergedDiffs(Distances.java:465)
	at ca.waterloo.dsg.graphflow.query.executors.csp.Distances.setVertexDistance(Distances.java:504)
	at ca.waterloo.dsg.graphflow.query.executors.csp.Distances.&lt;init&gt;(Distances.java:233)
	at ca.waterloo.dsg.graphflow.query.executors.csp.NewUnidirectionalDifferentialBFS.initFrontierAndSourceDistance(NewUnidirectionalDifferentialBFS.java:103)
	at ca.waterloo.dsg.graphflow.query.executors.csp.NewUnidirectionalDifferentialBFS.&lt;init&gt;(NewUnidirectionalDifferentialBFS.java:56)
	at ca.waterloo.dsg.graphflow.query.executors.csp.NewUnidirectionalUnweightedDifferentialBFS.&lt;init&gt;(NewUnidirectionalUnweightedDifferentialBFS.java:23)
	at ca.waterloo.dsg.graphflow.query.plans.ContinuousDiffBFSShortestPathPlan.setDiffBFS(ContinuousDiffBFSShortestPathPlan.java:66)
	at ca.waterloo.dsg.graphflow.query.plans.ContinuousDiffBFSShortestPathPlan.&lt;init&gt;(ContinuousDiffBFSShortestPathPlan.java:45)
	at ca.waterloo.dsg.graphflow.query.planner.ContinuousShortestPathPlanner.plan(ContinuousShortestPathPlanner.java:65)
	at ca.waterloo.dsg.graphflow.query.executors.csp.BaseContinuousShortestPathExecutorTest.registerContinuousSPPlan(BaseContinuousShortestPathExecutorTest.java:43)
	at ca.waterloo.dsg.graphflow.query.executors.csp.BaseContinuousUnidirBidirUnweightedShortestPathExecutorTest.registerContinuousSPPlan(BaseContinuousUnidirBidirUnweightedShortestPathExecutorTest.java:764)
	at ca.waterloo.dsg.graphflow.query.executors.csp.BaseContinuousUnidirBidirUnweightedShortestPathExecutorTest.testContinuousShortestPathsLongerPath(BaseContinuousUnidirBidirUnweightedShortestPathExecutorTest.java:283)
	at java.base/jdk.internal.reflect.NativeMethodAccessorImpl.invoke0(Native Method)
	at java.base/jdk.internal.reflect.NativeMethodAccessorImpl.invoke(NativeMethodAccessorImpl.java:62)
	at java.base/jdk.internal.reflect.DelegatingMethodAccessorImpl.invoke(DelegatingMethodAccessorImpl.java:43)
	at java.base/java.lang.reflect.Method.invoke(Method.java:566)
	at org.junit.runners.model.FrameworkMethod$1.runReflectiveCall(FrameworkMethod.java:50)
	at org.junit.internal.runners.model.ReflectiveCallable.run(ReflectiveCallable.java:12)
	at org.junit.runners.model.FrameworkMethod.invokeExplosively(FrameworkMethod.java:47)
	at org.junit.internal.runners.statements.InvokeMethod.evaluate(InvokeMethod.java:17)
	at org.junit.internal.runners.statements.RunBefores.evaluate(RunBefores.java:26)
	at org.junit.internal.runners.statements.RunAfters.evaluate(RunAfters.java:27)
	at org.junit.rules.ExternalResource$1.evaluate(ExternalResource.java:48)
	at org.junit.rules.RunRules.evaluate(RunRules.java:20)
	at org.junit.runners.ParentRunner.runLeaf(ParentRunner.java:325)
	at org.junit.runners.BlockJUnit4ClassRunner.runChild(BlockJUnit4ClassRunner.java:78)
	at org.junit.runners.BlockJUnit4ClassRunner.runChild(BlockJUnit4ClassRunner.java:57)
	at org.junit.runners.ParentRunner$3.run(ParentRunner.java:290)
	at org.junit.runners.ParentRunner$1.schedule(ParentRunner.java:71)
	at org.junit.runners.ParentRunner.runChildren(ParentRunner.java:288)
	at org.junit.runners.ParentRunner.access$000(ParentRunner.java:58)
	at org.junit.runners.ParentRunner$2.evaluate(ParentRunner.java:268)
	at org.junit.runners.ParentRunner.run(ParentRunner.java:363)
	at org.gradle.api.internal.tasks.testing.junit.JUnitTestClassExecutor.runTestClass(JUnitTestClassExecutor.java:110)
	at org.gradle.api.internal.tasks.testing.junit.JUnitTestClassExecutor.execute(JUnitTestClassExecutor.java:58)
	at org.gradle.api.internal.tasks.testing.junit.JUnitTestClassExecutor.execute(JUnitTestClassExecutor.java:38)
	at org.gradle.api.internal.tasks.testing.junit.AbstractJUnitTestClassProcessor.processTestClass(AbstractJUnitTestClassProcessor.java:62)
	at org.gradle.api.internal.tasks.testing.SuiteTestClassProcessor.processTestClass(SuiteTestClassProcessor.java:51)
	at java.base/jdk.internal.reflect.NativeMethodAccessorImpl.invoke0(Native Method)
	at java.base/jdk.internal.reflect.NativeMethodAccessorImpl.invoke(NativeMethodAccessorImpl.java:62)
	at java.base/jdk.internal.reflect.DelegatingMethodAccessorImpl.invoke(DelegatingMethodAccessorImpl.java:43)
	at java.base/java.lang.reflect.Method.invoke(Method.java:566)
	at org.gradle.internal.dispatch.ReflectionDispatch.dispatch(ReflectionDispatch.java:36)
	at org.gradle.internal.dispatch.ReflectionDispatch.dispatch(ReflectionDispatch.java:24)
	at org.gradle.internal.dispatch.ContextClassLoaderDispatch.dispatch(ContextClassLoaderDispatch.java:33)
	at org.gradle.internal.dispatch.ProxyDispatchAdapter$DispatchingInvocationHandler.invoke(ProxyDispatchAdapter.java:94)
	at com.sun.proxy.$Proxy2.processTestClass(Unknown Source)
	at org.gradle.api.internal.tasks.testing.worker.TestWorker.processTestClass(TestWorker.java:119)
	at java.base/jdk.internal.reflect.NativeMethodAccessorImpl.invoke0(Native Method)
	at java.base/jdk.internal.reflect.NativeMethodAccessorImpl.invoke(NativeMethodAccessorImpl.java:62)
	at java.base/jdk.internal.reflect.DelegatingMethodAccessorImpl.invoke(DelegatingMethodAccessorImpl.java:43)
	at java.base/java.lang.reflect.Method.invoke(Method.java:566)
	at org.gradle.internal.dispatch.ReflectionDispatch.dispatch(ReflectionDispatch.java:36)
	at org.gradle.internal.dispatch.ReflectionDispatch.dispatch(ReflectionDispatch.java:24)
	at org.gradle.internal.remote.internal.hub.MessageHubBackedObjectConnection$DispatchWrapper.dispatch(MessageHubBackedObjectConnection.java:182)
	at org.gradle.internal.remote.internal.hub.MessageHubBackedObjectConnection$DispatchWrapper.dispatch(MessageHubBackedObjectConnection.java:164)
	at org.gradle.internal.remote.internal.hub.MessageHub$Handler.run(MessageHub.java:414)
	at org.gradle.internal.concurrent.ExecutorPolicy$CatchAndRecordFailures.onExecute(ExecutorPolicy.java:64)
	at org.gradle.internal.concurrent.ManagedExecutorImpl$1.run(ManagedExecutorImpl.java:48)
	at java.base/java.util.concurrent.ThreadPoolExecutor.runWorker(ThreadPoolExecutor.java:1128)
	at java.base/java.util.concurrent.ThreadPoolExecutor$Worker.run(ThreadPoolExecutor.java:628)
	at org.gradle.internal.concurrent.ThreadFactoryImpl$ManagedThreadRunnable.run(ThreadFactoryImpl.java:56)
	at java.base/java.lang.Thread.run(Thread.java:834)
</pre>
</span>
</div>
<div class="test">
<a name="testContinuousShortestPathsMixed"></a>
<h3 class="failures">testContinuousShortestPathsMixed</h3>
<span class="code">
<pre>java.lang.IndexOutOfBoundsException: Index 0 out of bounds for length 0
	at java.base/jdk.internal.util.Preconditions.outOfBounds(Preconditions.java:64)
	at java.base/jdk.internal.util.Preconditions.outOfBoundsCheckIndex(Preconditions.java:70)
	at java.base/jdk.internal.util.Preconditions.checkIndex(Preconditions.java:248)
	at java.base/java.util.Objects.checkIndex(Objects.java:372)
	at java.base/java.util.ArrayList.get(ArrayList.java:459)
	at ca.waterloo.dsg.graphflow.query.executors.csp.MultiQueryDiff.getDiffs(MultiQueryDiff.java:84)
	at ca.waterloo.dsg.graphflow.query.executors.csp.Distances.getMergedDiffs(Distances.java:465)
	at ca.waterloo.dsg.graphflow.query.executors.csp.Distances.setVertexDistance(Distances.java:504)
	at ca.waterloo.dsg.graphflow.query.executors.csp.Distances.&lt;init&gt;(Distances.java:233)
	at ca.waterloo.dsg.graphflow.query.executors.csp.NewUnidirectionalDifferentialBFS.initFrontierAndSourceDistance(NewUnidirectionalDifferentialBFS.java:103)
	at ca.waterloo.dsg.graphflow.query.executors.csp.NewUnidirectionalDifferentialBFS.&lt;init&gt;(NewUnidirectionalDifferentialBFS.java:56)
	at ca.waterloo.dsg.graphflow.query.executors.csp.NewUnidirectionalUnweightedDifferentialBFS.&lt;init&gt;(NewUnidirectionalUnweightedDifferentialBFS.java:23)
	at ca.waterloo.dsg.graphflow.query.plans.ContinuousDiffBFSShortestPathPlan.setDiffBFS(ContinuousDiffBFSShortestPathPlan.java:66)
	at ca.waterloo.dsg.graphflow.query.plans.ContinuousDiffBFSShortestPathPlan.&lt;init&gt;(ContinuousDiffBFSShortestPathPlan.java:45)
	at ca.waterloo.dsg.graphflow.query.planner.ContinuousShortestPathPlanner.plan(ContinuousShortestPathPlanner.java:65)
	at ca.waterloo.dsg.graphflow.query.executors.csp.BaseContinuousShortestPathExecutorTest.registerContinuousSPPlan(BaseContinuousShortestPathExecutorTest.java:43)
	at ca.waterloo.dsg.graphflow.query.executors.csp.BaseContinuousUnidirBidirUnweightedShortestPathExecutorTest.registerContinuousSPPlan(BaseContinuousUnidirBidirUnweightedShortestPathExecutorTest.java:764)
	at ca.waterloo.dsg.graphflow.query.executors.csp.BaseContinuousUnidirBidirUnweightedShortestPathExecutorTest.testContinuousShortestPathsMixed(BaseContinuousUnidirBidirUnweightedShortestPathExecutorTest.java:43)
	at java.base/jdk.internal.reflect.NativeMethodAccessorImpl.invoke0(Native Method)
	at java.base/jdk.internal.reflect.NativeMethodAccessorImpl.invoke(NativeMethodAccessorImpl.java:62)
	at java.base/jdk.internal.reflect.DelegatingMethodAccessorImpl.invoke(DelegatingMethodAccessorImpl.java:43)
	at java.base/java.lang.reflect.Method.invoke(Method.java:566)
	at org.junit.runners.model.FrameworkMethod$1.runReflectiveCall(FrameworkMethod.java:50)
	at org.junit.internal.runners.model.ReflectiveCallable.run(ReflectiveCallable.java:12)
	at org.junit.runners.model.FrameworkMethod.invokeExplosively(FrameworkMethod.java:47)
	at org.junit.internal.runners.statements.InvokeMethod.evaluate(InvokeMethod.java:17)
	at org.junit.internal.runners.statements.RunBefores.evaluate(RunBefores.java:26)
	at org.junit.internal.runners.statements.RunAfters.evaluate(RunAfters.java:27)
	at org.junit.rules.ExternalResource$1.evaluate(ExternalResource.java:48)
	at org.junit.rules.RunRules.evaluate(RunRules.java:20)
	at org.junit.runners.ParentRunner.runLeaf(ParentRunner.java:325)
	at org.junit.runners.BlockJUnit4ClassRunner.runChild(BlockJUnit4ClassRunner.java:78)
	at org.junit.runners.BlockJUnit4ClassRunner.runChild(BlockJUnit4ClassRunner.java:57)
	at org.junit.runners.ParentRunner$3.run(ParentRunner.java:290)
	at org.junit.runners.ParentRunner$1.schedule(ParentRunner.java:71)
	at org.junit.runners.ParentRunner.runChildren(ParentRunner.java:288)
	at org.junit.runners.ParentRunner.access$000(ParentRunner.java:58)
	at org.junit.runners.ParentRunner$2.evaluate(ParentRunner.java:268)
	at org.junit.runners.ParentRunner.run(ParentRunner.java:363)
	at org.gradle.api.internal.tasks.testing.junit.JUnitTestClassExecutor.runTestClass(JUnitTestClassExecutor.java:110)
	at org.gradle.api.internal.tasks.testing.junit.JUnitTestClassExecutor.execute(JUnitTestClassExecutor.java:58)
	at org.gradle.api.internal.tasks.testing.junit.JUnitTestClassExecutor.execute(JUnitTestClassExecutor.java:38)
	at org.gradle.api.internal.tasks.testing.junit.AbstractJUnitTestClassProcessor.processTestClass(AbstractJUnitTestClassProcessor.java:62)
	at org.gradle.api.internal.tasks.testing.SuiteTestClassProcessor.processTestClass(SuiteTestClassProcessor.java:51)
	at java.base/jdk.internal.reflect.NativeMethodAccessorImpl.invoke0(Native Method)
	at java.base/jdk.internal.reflect.NativeMethodAccessorImpl.invoke(NativeMethodAccessorImpl.java:62)
	at java.base/jdk.internal.reflect.DelegatingMethodAccessorImpl.invoke(DelegatingMethodAccessorImpl.java:43)
	at java.base/java.lang.reflect.Method.invoke(Method.java:566)
	at org.gradle.internal.dispatch.ReflectionDispatch.dispatch(ReflectionDispatch.java:36)
	at org.gradle.internal.dispatch.ReflectionDispatch.dispatch(ReflectionDispatch.java:24)
	at org.gradle.internal.dispatch.ContextClassLoaderDispatch.dispatch(ContextClassLoaderDispatch.java:33)
	at org.gradle.internal.dispatch.ProxyDispatchAdapter$DispatchingInvocationHandler.invoke(ProxyDispatchAdapter.java:94)
	at com.sun.proxy.$Proxy2.processTestClass(Unknown Source)
	at org.gradle.api.internal.tasks.testing.worker.TestWorker.processTestClass(TestWorker.java:119)
	at java.base/jdk.internal.reflect.NativeMethodAccessorImpl.invoke0(Native Method)
	at java.base/jdk.internal.reflect.NativeMethodAccessorImpl.invoke(NativeMethodAccessorImpl.java:62)
	at java.base/jdk.internal.reflect.DelegatingMethodAccessorImpl.invoke(DelegatingMethodAccessorImpl.java:43)
	at java.base/java.lang.reflect.Method.invoke(Method.java:566)
	at org.gradle.internal.dispatch.ReflectionDispatch.dispatch(ReflectionDispatch.java:36)
	at org.gradle.internal.dispatch.ReflectionDispatch.dispatch(ReflectionDispatch.java:24)
	at org.gradle.internal.remote.internal.hub.MessageHubBackedObjectConnection$DispatchWrapper.dispatch(MessageHubBackedObjectConnection.java:182)
	at org.gradle.internal.remote.internal.hub.MessageHubBackedObjectConnection$DispatchWrapper.dispatch(MessageHubBackedObjectConnection.java:164)
	at org.gradle.internal.remote.internal.hub.MessageHub$Handler.run(MessageHub.java:414)
	at org.gradle.internal.concurrent.ExecutorPolicy$CatchAndRecordFailures.onExecute(ExecutorPolicy.java:64)
	at org.gradle.internal.concurrent.ManagedExecutorImpl$1.run(ManagedExecutorImpl.java:48)
	at java.base/java.util.concurrent.ThreadPoolExecutor.runWorker(ThreadPoolExecutor.java:1128)
	at java.base/java.util.concurrent.ThreadPoolExecutor$Worker.run(ThreadPoolExecutor.java:628)
	at org.gradle.internal.concurrent.ThreadFactoryImpl$ManagedThreadRunnable.run(ThreadFactoryImpl.java:56)
	at java.base/java.lang.Thread.run(Thread.java:834)
</pre>
</span>
</div>
<div class="test">
<a name="testContinuousShortestPathsNewPath"></a>
<h3 class="failures">testContinuousShortestPathsNewPath</h3>
<span class="code">
<pre>java.lang.IndexOutOfBoundsException: Index 0 out of bounds for length 0
	at java.base/jdk.internal.util.Preconditions.outOfBounds(Preconditions.java:64)
	at java.base/jdk.internal.util.Preconditions.outOfBoundsCheckIndex(Preconditions.java:70)
	at java.base/jdk.internal.util.Preconditions.checkIndex(Preconditions.java:248)
	at java.base/java.util.Objects.checkIndex(Objects.java:372)
	at java.base/java.util.ArrayList.get(ArrayList.java:459)
	at ca.waterloo.dsg.graphflow.query.executors.csp.MultiQueryDiff.getDiffs(MultiQueryDiff.java:84)
	at ca.waterloo.dsg.graphflow.query.executors.csp.Distances.getMergedDiffs(Distances.java:465)
	at ca.waterloo.dsg.graphflow.query.executors.csp.Distances.setVertexDistance(Distances.java:504)
	at ca.waterloo.dsg.graphflow.query.executors.csp.Distances.&lt;init&gt;(Distances.java:233)
	at ca.waterloo.dsg.graphflow.query.executors.csp.NewUnidirectionalDifferentialBFS.initFrontierAndSourceDistance(NewUnidirectionalDifferentialBFS.java:103)
	at ca.waterloo.dsg.graphflow.query.executors.csp.NewUnidirectionalDifferentialBFS.&lt;init&gt;(NewUnidirectionalDifferentialBFS.java:56)
	at ca.waterloo.dsg.graphflow.query.executors.csp.NewUnidirectionalUnweightedDifferentialBFS.&lt;init&gt;(NewUnidirectionalUnweightedDifferentialBFS.java:23)
	at ca.waterloo.dsg.graphflow.query.plans.ContinuousDiffBFSShortestPathPlan.setDiffBFS(ContinuousDiffBFSShortestPathPlan.java:66)
	at ca.waterloo.dsg.graphflow.query.plans.ContinuousDiffBFSShortestPathPlan.&lt;init&gt;(ContinuousDiffBFSShortestPathPlan.java:45)
	at ca.waterloo.dsg.graphflow.query.planner.ContinuousShortestPathPlanner.plan(ContinuousShortestPathPlanner.java:65)
	at ca.waterloo.dsg.graphflow.query.executors.csp.BaseContinuousShortestPathExecutorTest.registerContinuousSPPlan(BaseContinuousShortestPathExecutorTest.java:43)
	at ca.waterloo.dsg.graphflow.query.executors.csp.BaseContinuousUnidirBidirUnweightedShortestPathExecutorTest.registerContinuousSPPlan(BaseContinuousUnidirBidirUnweightedShortestPathExecutorTest.java:764)
	at ca.waterloo.dsg.graphflow.query.executors.csp.BaseContinuousUnidirBidirUnweightedShortestPathExecutorTest.testContinuousShortestPathsNewPath(BaseContinuousUnidirBidirUnweightedShortestPathExecutorTest.java:213)
	at java.base/jdk.internal.reflect.NativeMethodAccessorImpl.invoke0(Native Method)
	at java.base/jdk.internal.reflect.NativeMethodAccessorImpl.invoke(NativeMethodAccessorImpl.java:62)
	at java.base/jdk.internal.reflect.DelegatingMethodAccessorImpl.invoke(DelegatingMethodAccessorImpl.java:43)
	at java.base/java.lang.reflect.Method.invoke(Method.java:566)
	at org.junit.runners.model.FrameworkMethod$1.runReflectiveCall(FrameworkMethod.java:50)
	at org.junit.internal.runners.model.ReflectiveCallable.run(ReflectiveCallable.java:12)
	at org.junit.runners.model.FrameworkMethod.invokeExplosively(FrameworkMethod.java:47)
	at org.junit.internal.runners.statements.InvokeMethod.evaluate(InvokeMethod.java:17)
	at org.junit.internal.runners.statements.RunBefores.evaluate(RunBefores.java:26)
	at org.junit.internal.runners.statements.RunAfters.evaluate(RunAfters.java:27)
	at org.junit.rules.ExternalResource$1.evaluate(ExternalResource.java:48)
	at org.junit.rules.RunRules.evaluate(RunRules.java:20)
	at org.junit.runners.ParentRunner.runLeaf(ParentRunner.java:325)
	at org.junit.runners.BlockJUnit4ClassRunner.runChild(BlockJUnit4ClassRunner.java:78)
	at org.junit.runners.BlockJUnit4ClassRunner.runChild(BlockJUnit4ClassRunner.java:57)
	at org.junit.runners.ParentRunner$3.run(ParentRunner.java:290)
	at org.junit.runners.ParentRunner$1.schedule(ParentRunner.java:71)
	at org.junit.runners.ParentRunner.runChildren(ParentRunner.java:288)
	at org.junit.runners.ParentRunner.access$000(ParentRunner.java:58)
	at org.junit.runners.ParentRunner$2.evaluate(ParentRunner.java:268)
	at org.junit.runners.ParentRunner.run(ParentRunner.java:363)
	at org.gradle.api.internal.tasks.testing.junit.JUnitTestClassExecutor.runTestClass(JUnitTestClassExecutor.java:110)
	at org.gradle.api.internal.tasks.testing.junit.JUnitTestClassExecutor.execute(JUnitTestClassExecutor.java:58)
	at org.gradle.api.internal.tasks.testing.junit.JUnitTestClassExecutor.execute(JUnitTestClassExecutor.java:38)
	at org.gradle.api.internal.tasks.testing.junit.AbstractJUnitTestClassProcessor.processTestClass(AbstractJUnitTestClassProcessor.java:62)
	at org.gradle.api.internal.tasks.testing.SuiteTestClassProcessor.processTestClass(SuiteTestClassProcessor.java:51)
	at java.base/jdk.internal.reflect.NativeMethodAccessorImpl.invoke0(Native Method)
	at java.base/jdk.internal.reflect.NativeMethodAccessorImpl.invoke(NativeMethodAccessorImpl.java:62)
	at java.base/jdk.internal.reflect.DelegatingMethodAccessorImpl.invoke(DelegatingMethodAccessorImpl.java:43)
	at java.base/java.lang.reflect.Method.invoke(Method.java:566)
	at org.gradle.internal.dispatch.ReflectionDispatch.dispatch(ReflectionDispatch.java:36)
	at org.gradle.internal.dispatch.ReflectionDispatch.dispatch(ReflectionDispatch.java:24)
	at org.gradle.internal.dispatch.ContextClassLoaderDispatch.dispatch(ContextClassLoaderDispatch.java:33)
	at org.gradle.internal.dispatch.ProxyDispatchAdapter$DispatchingInvocationHandler.invoke(ProxyDispatchAdapter.java:94)
	at com.sun.proxy.$Proxy2.processTestClass(Unknown Source)
	at org.gradle.api.internal.tasks.testing.worker.TestWorker.processTestClass(TestWorker.java:119)
	at java.base/jdk.internal.reflect.NativeMethodAccessorImpl.invoke0(Native Method)
	at java.base/jdk.internal.reflect.NativeMethodAccessorImpl.invoke(NativeMethodAccessorImpl.java:62)
	at java.base/jdk.internal.reflect.DelegatingMethodAccessorImpl.invoke(DelegatingMethodAccessorImpl.java:43)
	at java.base/java.lang.reflect.Method.invoke(Method.java:566)
	at org.gradle.internal.dispatch.ReflectionDispatch.dispatch(ReflectionDispatch.java:36)
	at org.gradle.internal.dispatch.ReflectionDispatch.dispatch(ReflectionDispatch.java:24)
	at org.gradle.internal.remote.internal.hub.MessageHubBackedObjectConnection$DispatchWrapper.dispatch(MessageHubBackedObjectConnection.java:182)
	at org.gradle.internal.remote.internal.hub.MessageHubBackedObjectConnection$DispatchWrapper.dispatch(MessageHubBackedObjectConnection.java:164)
	at org.gradle.internal.remote.internal.hub.MessageHub$Handler.run(MessageHub.java:414)
	at org.gradle.internal.concurrent.ExecutorPolicy$CatchAndRecordFailures.onExecute(ExecutorPolicy.java:64)
	at org.gradle.internal.concurrent.ManagedExecutorImpl$1.run(ManagedExecutorImpl.java:48)
	at java.base/java.util.concurrent.ThreadPoolExecutor.runWorker(ThreadPoolExecutor.java:1128)
	at java.base/java.util.concurrent.ThreadPoolExecutor$Worker.run(ThreadPoolExecutor.java:628)
	at org.gradle.internal.concurrent.ThreadFactoryImpl$ManagedThreadRunnable.run(ThreadFactoryImpl.java:56)
	at java.base/java.lang.Thread.run(Thread.java:834)
</pre>
</span>
</div>
<div class="test">
<a name="testContinuousShortestPathsNoPath"></a>
<h3 class="failures">testContinuousShortestPathsNoPath</h3>
<span class="code">
<pre>java.lang.IndexOutOfBoundsException: Index 0 out of bounds for length 0
	at java.base/jdk.internal.util.Preconditions.outOfBounds(Preconditions.java:64)
	at java.base/jdk.internal.util.Preconditions.outOfBoundsCheckIndex(Preconditions.java:70)
	at java.base/jdk.internal.util.Preconditions.checkIndex(Preconditions.java:248)
	at java.base/java.util.Objects.checkIndex(Objects.java:372)
	at java.base/java.util.ArrayList.get(ArrayList.java:459)
	at ca.waterloo.dsg.graphflow.query.executors.csp.MultiQueryDiff.getDiffs(MultiQueryDiff.java:84)
	at ca.waterloo.dsg.graphflow.query.executors.csp.Distances.getMergedDiffs(Distances.java:465)
	at ca.waterloo.dsg.graphflow.query.executors.csp.Distances.setVertexDistance(Distances.java:504)
	at ca.waterloo.dsg.graphflow.query.executors.csp.Distances.&lt;init&gt;(Distances.java:233)
	at ca.waterloo.dsg.graphflow.query.executors.csp.NewUnidirectionalDifferentialBFS.initFrontierAndSourceDistance(NewUnidirectionalDifferentialBFS.java:103)
	at ca.waterloo.dsg.graphflow.query.executors.csp.NewUnidirectionalDifferentialBFS.&lt;init&gt;(NewUnidirectionalDifferentialBFS.java:56)
	at ca.waterloo.dsg.graphflow.query.executors.csp.NewUnidirectionalUnweightedDifferentialBFS.&lt;init&gt;(NewUnidirectionalUnweightedDifferentialBFS.java:23)
	at ca.waterloo.dsg.graphflow.query.plans.ContinuousDiffBFSShortestPathPlan.setDiffBFS(ContinuousDiffBFSShortestPathPlan.java:66)
	at ca.waterloo.dsg.graphflow.query.plans.ContinuousDiffBFSShortestPathPlan.&lt;init&gt;(ContinuousDiffBFSShortestPathPlan.java:45)
	at ca.waterloo.dsg.graphflow.query.planner.ContinuousShortestPathPlanner.plan(ContinuousShortestPathPlanner.java:65)
	at ca.waterloo.dsg.graphflow.query.executors.csp.BaseContinuousShortestPathExecutorTest.registerContinuousSPPlan(BaseContinuousShortestPathExecutorTest.java:43)
	at ca.waterloo.dsg.graphflow.query.executors.csp.BaseContinuousUnidirBidirUnweightedShortestPathExecutorTest.registerContinuousSPPlan(BaseContinuousUnidirBidirUnweightedShortestPathExecutorTest.java:764)
	at ca.waterloo.dsg.graphflow.query.executors.csp.BaseContinuousUnidirBidirUnweightedShortestPathExecutorTest.testContinuousShortestPathsNoPath(BaseContinuousUnidirBidirUnweightedShortestPathExecutorTest.java:548)
	at java.base/jdk.internal.reflect.NativeMethodAccessorImpl.invoke0(Native Method)
	at java.base/jdk.internal.reflect.NativeMethodAccessorImpl.invoke(NativeMethodAccessorImpl.java:62)
	at java.base/jdk.internal.reflect.DelegatingMethodAccessorImpl.invoke(DelegatingMethodAccessorImpl.java:43)
	at java.base/java.lang.reflect.Method.invoke(Method.java:566)
	at org.junit.runners.model.FrameworkMethod$1.runReflectiveCall(FrameworkMethod.java:50)
	at org.junit.internal.runners.model.ReflectiveCallable.run(ReflectiveCallable.java:12)
	at org.junit.runners.model.FrameworkMethod.invokeExplosively(FrameworkMethod.java:47)
	at org.junit.internal.runners.statements.InvokeMethod.evaluate(InvokeMethod.java:17)
	at org.junit.internal.runners.statements.RunBefores.evaluate(RunBefores.java:26)
	at org.junit.internal.runners.statements.RunAfters.evaluate(RunAfters.java:27)
	at org.junit.rules.ExternalResource$1.evaluate(ExternalResource.java:48)
	at org.junit.rules.RunRules.evaluate(RunRules.java:20)
	at org.junit.runners.ParentRunner.runLeaf(ParentRunner.java:325)
	at org.junit.runners.BlockJUnit4ClassRunner.runChild(BlockJUnit4ClassRunner.java:78)
	at org.junit.runners.BlockJUnit4ClassRunner.runChild(BlockJUnit4ClassRunner.java:57)
	at org.junit.runners.ParentRunner$3.run(ParentRunner.java:290)
	at org.junit.runners.ParentRunner$1.schedule(ParentRunner.java:71)
	at org.junit.runners.ParentRunner.runChildren(ParentRunner.java:288)
	at org.junit.runners.ParentRunner.access$000(ParentRunner.java:58)
	at org.junit.runners.ParentRunner$2.evaluate(ParentRunner.java:268)
	at org.junit.runners.ParentRunner.run(ParentRunner.java:363)
	at org.gradle.api.internal.tasks.testing.junit.JUnitTestClassExecutor.runTestClass(JUnitTestClassExecutor.java:110)
	at org.gradle.api.internal.tasks.testing.junit.JUnitTestClassExecutor.execute(JUnitTestClassExecutor.java:58)
	at org.gradle.api.internal.tasks.testing.junit.JUnitTestClassExecutor.execute(JUnitTestClassExecutor.java:38)
	at org.gradle.api.internal.tasks.testing.junit.AbstractJUnitTestClassProcessor.processTestClass(AbstractJUnitTestClassProcessor.java:62)
	at org.gradle.api.internal.tasks.testing.SuiteTestClassProcessor.processTestClass(SuiteTestClassProcessor.java:51)
	at java.base/jdk.internal.reflect.NativeMethodAccessorImpl.invoke0(Native Method)
	at java.base/jdk.internal.reflect.NativeMethodAccessorImpl.invoke(NativeMethodAccessorImpl.java:62)
	at java.base/jdk.internal.reflect.DelegatingMethodAccessorImpl.invoke(DelegatingMethodAccessorImpl.java:43)
	at java.base/java.lang.reflect.Method.invoke(Method.java:566)
	at org.gradle.internal.dispatch.ReflectionDispatch.dispatch(ReflectionDispatch.java:36)
	at org.gradle.internal.dispatch.ReflectionDispatch.dispatch(ReflectionDispatch.java:24)
	at org.gradle.internal.dispatch.ContextClassLoaderDispatch.dispatch(ContextClassLoaderDispatch.java:33)
	at org.gradle.internal.dispatch.ProxyDispatchAdapter$DispatchingInvocationHandler.invoke(ProxyDispatchAdapter.java:94)
	at com.sun.proxy.$Proxy2.processTestClass(Unknown Source)
	at org.gradle.api.internal.tasks.testing.worker.TestWorker.processTestClass(TestWorker.java:119)
	at java.base/jdk.internal.reflect.NativeMethodAccessorImpl.invoke0(Native Method)
	at java.base/jdk.internal.reflect.NativeMethodAccessorImpl.invoke(NativeMethodAccessorImpl.java:62)
	at java.base/jdk.internal.reflect.DelegatingMethodAccessorImpl.invoke(DelegatingMethodAccessorImpl.java:43)
	at java.base/java.lang.reflect.Method.invoke(Method.java:566)
	at org.gradle.internal.dispatch.ReflectionDispatch.dispatch(ReflectionDispatch.java:36)
	at org.gradle.internal.dispatch.ReflectionDispatch.dispatch(ReflectionDispatch.java:24)
	at org.gradle.internal.remote.internal.hub.MessageHubBackedObjectConnection$DispatchWrapper.dispatch(MessageHubBackedObjectConnection.java:182)
	at org.gradle.internal.remote.internal.hub.MessageHubBackedObjectConnection$DispatchWrapper.dispatch(MessageHubBackedObjectConnection.java:164)
	at org.gradle.internal.remote.internal.hub.MessageHub$Handler.run(MessageHub.java:414)
	at org.gradle.internal.concurrent.ExecutorPolicy$CatchAndRecordFailures.onExecute(ExecutorPolicy.java:64)
	at org.gradle.internal.concurrent.ManagedExecutorImpl$1.run(ManagedExecutorImpl.java:48)
	at java.base/java.util.concurrent.ThreadPoolExecutor.runWorker(ThreadPoolExecutor.java:1128)
	at java.base/java.util.concurrent.ThreadPoolExecutor$Worker.run(ThreadPoolExecutor.java:628)
	at org.gradle.internal.concurrent.ThreadFactoryImpl$ManagedThreadRunnable.run(ThreadFactoryImpl.java:56)
	at java.base/java.lang.Thread.run(Thread.java:834)
</pre>
</span>
</div>
<div class="test">
<a name="testContinuousShortestPathsRemovePath"></a>
<h3 class="failures">testContinuousShortestPathsRemovePath</h3>
<span class="code">
<pre>java.lang.IndexOutOfBoundsException: Index 0 out of bounds for length 0
	at java.base/jdk.internal.util.Preconditions.outOfBounds(Preconditions.java:64)
	at java.base/jdk.internal.util.Preconditions.outOfBoundsCheckIndex(Preconditions.java:70)
	at java.base/jdk.internal.util.Preconditions.checkIndex(Preconditions.java:248)
	at java.base/java.util.Objects.checkIndex(Objects.java:372)
	at java.base/java.util.ArrayList.get(ArrayList.java:459)
	at ca.waterloo.dsg.graphflow.query.executors.csp.MultiQueryDiff.getDiffs(MultiQueryDiff.java:84)
	at ca.waterloo.dsg.graphflow.query.executors.csp.Distances.getMergedDiffs(Distances.java:465)
	at ca.waterloo.dsg.graphflow.query.executors.csp.Distances.setVertexDistance(Distances.java:504)
	at ca.waterloo.dsg.graphflow.query.executors.csp.Distances.&lt;init&gt;(Distances.java:233)
	at ca.waterloo.dsg.graphflow.query.executors.csp.NewUnidirectionalDifferentialBFS.initFrontierAndSourceDistance(NewUnidirectionalDifferentialBFS.java:103)
	at ca.waterloo.dsg.graphflow.query.executors.csp.NewUnidirectionalDifferentialBFS.&lt;init&gt;(NewUnidirectionalDifferentialBFS.java:56)
	at ca.waterloo.dsg.graphflow.query.executors.csp.NewUnidirectionalUnweightedDifferentialBFS.&lt;init&gt;(NewUnidirectionalUnweightedDifferentialBFS.java:23)
	at ca.waterloo.dsg.graphflow.query.plans.ContinuousDiffBFSShortestPathPlan.setDiffBFS(ContinuousDiffBFSShortestPathPlan.java:66)
	at ca.waterloo.dsg.graphflow.query.plans.ContinuousDiffBFSShortestPathPlan.&lt;init&gt;(ContinuousDiffBFSShortestPathPlan.java:45)
	at ca.waterloo.dsg.graphflow.query.planner.ContinuousShortestPathPlanner.plan(ContinuousShortestPathPlanner.java:65)
	at ca.waterloo.dsg.graphflow.query.executors.csp.BaseContinuousShortestPathExecutorTest.registerContinuousSPPlan(BaseContinuousShortestPathExecutorTest.java:43)
	at ca.waterloo.dsg.graphflow.query.executors.csp.BaseContinuousUnidirBidirUnweightedShortestPathExecutorTest.registerContinuousSPPlan(BaseContinuousUnidirBidirUnweightedShortestPathExecutorTest.java:764)
	at ca.waterloo.dsg.graphflow.query.executors.csp.BaseContinuousUnidirBidirUnweightedShortestPathExecutorTest.testContinuousShortestPathsRemovePath(BaseContinuousUnidirBidirUnweightedShortestPathExecutorTest.java:489)
	at java.base/jdk.internal.reflect.NativeMethodAccessorImpl.invoke0(Native Method)
	at java.base/jdk.internal.reflect.NativeMethodAccessorImpl.invoke(NativeMethodAccessorImpl.java:62)
	at java.base/jdk.internal.reflect.DelegatingMethodAccessorImpl.invoke(DelegatingMethodAccessorImpl.java:43)
	at java.base/java.lang.reflect.Method.invoke(Method.java:566)
	at org.junit.runners.model.FrameworkMethod$1.runReflectiveCall(FrameworkMethod.java:50)
	at org.junit.internal.runners.model.ReflectiveCallable.run(ReflectiveCallable.java:12)
	at org.junit.runners.model.FrameworkMethod.invokeExplosively(FrameworkMethod.java:47)
	at org.junit.internal.runners.statements.InvokeMethod.evaluate(InvokeMethod.java:17)
	at org.junit.internal.runners.statements.RunBefores.evaluate(RunBefores.java:26)
	at org.junit.internal.runners.statements.RunAfters.evaluate(RunAfters.java:27)
	at org.junit.rules.ExternalResource$1.evaluate(ExternalResource.java:48)
	at org.junit.rules.RunRules.evaluate(RunRules.java:20)
	at org.junit.runners.ParentRunner.runLeaf(ParentRunner.java:325)
	at org.junit.runners.BlockJUnit4ClassRunner.runChild(BlockJUnit4ClassRunner.java:78)
	at org.junit.runners.BlockJUnit4ClassRunner.runChild(BlockJUnit4ClassRunner.java:57)
	at org.junit.runners.ParentRunner$3.run(ParentRunner.java:290)
	at org.junit.runners.ParentRunner$1.schedule(ParentRunner.java:71)
	at org.junit.runners.ParentRunner.runChildren(ParentRunner.java:288)
	at org.junit.runners.ParentRunner.access$000(ParentRunner.java:58)
	at org.junit.runners.ParentRunner$2.evaluate(ParentRunner.java:268)
	at org.junit.runners.ParentRunner.run(ParentRunner.java:363)
	at org.gradle.api.internal.tasks.testing.junit.JUnitTestClassExecutor.runTestClass(JUnitTestClassExecutor.java:110)
	at org.gradle.api.internal.tasks.testing.junit.JUnitTestClassExecutor.execute(JUnitTestClassExecutor.java:58)
	at org.gradle.api.internal.tasks.testing.junit.JUnitTestClassExecutor.execute(JUnitTestClassExecutor.java:38)
	at org.gradle.api.internal.tasks.testing.junit.AbstractJUnitTestClassProcessor.processTestClass(AbstractJUnitTestClassProcessor.java:62)
	at org.gradle.api.internal.tasks.testing.SuiteTestClassProcessor.processTestClass(SuiteTestClassProcessor.java:51)
	at java.base/jdk.internal.reflect.NativeMethodAccessorImpl.invoke0(Native Method)
	at java.base/jdk.internal.reflect.NativeMethodAccessorImpl.invoke(NativeMethodAccessorImpl.java:62)
	at java.base/jdk.internal.reflect.DelegatingMethodAccessorImpl.invoke(DelegatingMethodAccessorImpl.java:43)
	at java.base/java.lang.reflect.Method.invoke(Method.java:566)
	at org.gradle.internal.dispatch.ReflectionDispatch.dispatch(ReflectionDispatch.java:36)
	at org.gradle.internal.dispatch.ReflectionDispatch.dispatch(ReflectionDispatch.java:24)
	at org.gradle.internal.dispatch.ContextClassLoaderDispatch.dispatch(ContextClassLoaderDispatch.java:33)
	at org.gradle.internal.dispatch.ProxyDispatchAdapter$DispatchingInvocationHandler.invoke(ProxyDispatchAdapter.java:94)
	at com.sun.proxy.$Proxy2.processTestClass(Unknown Source)
	at org.gradle.api.internal.tasks.testing.worker.TestWorker.processTestClass(TestWorker.java:119)
	at java.base/jdk.internal.reflect.NativeMethodAccessorImpl.invoke0(Native Method)
	at java.base/jdk.internal.reflect.NativeMethodAccessorImpl.invoke(NativeMethodAccessorImpl.java:62)
	at java.base/jdk.internal.reflect.DelegatingMethodAccessorImpl.invoke(DelegatingMethodAccessorImpl.java:43)
	at java.base/java.lang.reflect.Method.invoke(Method.java:566)
	at org.gradle.internal.dispatch.ReflectionDispatch.dispatch(ReflectionDispatch.java:36)
	at org.gradle.internal.dispatch.ReflectionDispatch.dispatch(ReflectionDispatch.java:24)
	at org.gradle.internal.remote.internal.hub.MessageHubBackedObjectConnection$DispatchWrapper.dispatch(MessageHubBackedObjectConnection.java:182)
	at org.gradle.internal.remote.internal.hub.MessageHubBackedObjectConnection$DispatchWrapper.dispatch(MessageHubBackedObjectConnection.java:164)
	at org.gradle.internal.remote.internal.hub.MessageHub$Handler.run(MessageHub.java:414)
	at org.gradle.internal.concurrent.ExecutorPolicy$CatchAndRecordFailures.onExecute(ExecutorPolicy.java:64)
	at org.gradle.internal.concurrent.ManagedExecutorImpl$1.run(ManagedExecutorImpl.java:48)
	at java.base/java.util.concurrent.ThreadPoolExecutor.runWorker(ThreadPoolExecutor.java:1128)
	at java.base/java.util.concurrent.ThreadPoolExecutor$Worker.run(ThreadPoolExecutor.java:628)
	at org.gradle.internal.concurrent.ThreadFactoryImpl$ManagedThreadRunnable.run(ThreadFactoryImpl.java:56)
	at java.base/java.lang.Thread.run(Thread.java:834)
</pre>
</span>
</div>
<div class="test">
<a name="testDeletion"></a>
<h3 class="failures">testDeletion</h3>
<span class="code">
<pre>java.lang.IndexOutOfBoundsException: Index 0 out of bounds for length 0
	at java.base/jdk.internal.util.Preconditions.outOfBounds(Preconditions.java:64)
	at java.base/jdk.internal.util.Preconditions.outOfBoundsCheckIndex(Preconditions.java:70)
	at java.base/jdk.internal.util.Preconditions.checkIndex(Preconditions.java:248)
	at java.base/java.util.Objects.checkIndex(Objects.java:372)
	at java.base/java.util.ArrayList.get(ArrayList.java:459)
	at ca.waterloo.dsg.graphflow.query.executors.csp.MultiQueryDiff.getDiffs(MultiQueryDiff.java:84)
	at ca.waterloo.dsg.graphflow.query.executors.csp.Distances.getMergedDiffs(Distances.java:465)
	at ca.waterloo.dsg.graphflow.query.executors.csp.Distances.setVertexDistance(Distances.java:504)
	at ca.waterloo.dsg.graphflow.query.executors.csp.Distances.&lt;init&gt;(Distances.java:233)
	at ca.waterloo.dsg.graphflow.query.executors.csp.NewUnidirectionalDifferentialBFS.initFrontierAndSourceDistance(NewUnidirectionalDifferentialBFS.java:103)
	at ca.waterloo.dsg.graphflow.query.executors.csp.NewUnidirectionalDifferentialBFS.&lt;init&gt;(NewUnidirectionalDifferentialBFS.java:56)
	at ca.waterloo.dsg.graphflow.query.executors.csp.NewUnidirectionalUnweightedDifferentialBFS.&lt;init&gt;(NewUnidirectionalUnweightedDifferentialBFS.java:23)
	at ca.waterloo.dsg.graphflow.query.plans.ContinuousDiffBFSShortestPathPlan.setDiffBFS(ContinuousDiffBFSShortestPathPlan.java:66)
	at ca.waterloo.dsg.graphflow.query.plans.ContinuousDiffBFSShortestPathPlan.&lt;init&gt;(ContinuousDiffBFSShortestPathPlan.java:45)
	at ca.waterloo.dsg.graphflow.query.planner.ContinuousShortestPathPlanner.plan(ContinuousShortestPathPlanner.java:65)
	at ca.waterloo.dsg.graphflow.query.executors.csp.BaseContinuousShortestPathExecutorTest.registerContinuousSPPlan(BaseContinuousShortestPathExecutorTest.java:43)
	at ca.waterloo.dsg.graphflow.query.executors.csp.BaseContinuousUnidirBidirUnweightedShortestPathExecutorTest.registerContinuousSPPlan(BaseContinuousUnidirBidirUnweightedShortestPathExecutorTest.java:764)
	at ca.waterloo.dsg.graphflow.query.executors.csp.BaseContinuousUnidirBidirUnweightedShortestPathExecutorTest.testDeletion(BaseContinuousUnidirBidirUnweightedShortestPathExecutorTest.java:687)
	at java.base/jdk.internal.reflect.NativeMethodAccessorImpl.invoke0(Native Method)
	at java.base/jdk.internal.reflect.NativeMethodAccessorImpl.invoke(NativeMethodAccessorImpl.java:62)
	at java.base/jdk.internal.reflect.DelegatingMethodAccessorImpl.invoke(DelegatingMethodAccessorImpl.java:43)
	at java.base/java.lang.reflect.Method.invoke(Method.java:566)
	at org.junit.runners.model.FrameworkMethod$1.runReflectiveCall(FrameworkMethod.java:50)
	at org.junit.internal.runners.model.ReflectiveCallable.run(ReflectiveCallable.java:12)
	at org.junit.runners.model.FrameworkMethod.invokeExplosively(FrameworkMethod.java:47)
	at org.junit.internal.runners.statements.InvokeMethod.evaluate(InvokeMethod.java:17)
	at org.junit.internal.runners.statements.RunBefores.evaluate(RunBefores.java:26)
	at org.junit.internal.runners.statements.RunAfters.evaluate(RunAfters.java:27)
	at org.junit.rules.ExternalResource$1.evaluate(ExternalResource.java:48)
	at org.junit.rules.RunRules.evaluate(RunRules.java:20)
	at org.junit.runners.ParentRunner.runLeaf(ParentRunner.java:325)
	at org.junit.runners.BlockJUnit4ClassRunner.runChild(BlockJUnit4ClassRunner.java:78)
	at org.junit.runners.BlockJUnit4ClassRunner.runChild(BlockJUnit4ClassRunner.java:57)
	at org.junit.runners.ParentRunner$3.run(ParentRunner.java:290)
	at org.junit.runners.ParentRunner$1.schedule(ParentRunner.java:71)
	at org.junit.runners.ParentRunner.runChildren(ParentRunner.java:288)
	at org.junit.runners.ParentRunner.access$000(ParentRunner.java:58)
	at org.junit.runners.ParentRunner$2.evaluate(ParentRunner.java:268)
	at org.junit.runners.ParentRunner.run(ParentRunner.java:363)
	at org.gradle.api.internal.tasks.testing.junit.JUnitTestClassExecutor.runTestClass(JUnitTestClassExecutor.java:110)
	at org.gradle.api.internal.tasks.testing.junit.JUnitTestClassExecutor.execute(JUnitTestClassExecutor.java:58)
	at org.gradle.api.internal.tasks.testing.junit.JUnitTestClassExecutor.execute(JUnitTestClassExecutor.java:38)
	at org.gradle.api.internal.tasks.testing.junit.AbstractJUnitTestClassProcessor.processTestClass(AbstractJUnitTestClassProcessor.java:62)
	at org.gradle.api.internal.tasks.testing.SuiteTestClassProcessor.processTestClass(SuiteTestClassProcessor.java:51)
	at java.base/jdk.internal.reflect.NativeMethodAccessorImpl.invoke0(Native Method)
	at java.base/jdk.internal.reflect.NativeMethodAccessorImpl.invoke(NativeMethodAccessorImpl.java:62)
	at java.base/jdk.internal.reflect.DelegatingMethodAccessorImpl.invoke(DelegatingMethodAccessorImpl.java:43)
	at java.base/java.lang.reflect.Method.invoke(Method.java:566)
	at org.gradle.internal.dispatch.ReflectionDispatch.dispatch(ReflectionDispatch.java:36)
	at org.gradle.internal.dispatch.ReflectionDispatch.dispatch(ReflectionDispatch.java:24)
	at org.gradle.internal.dispatch.ContextClassLoaderDispatch.dispatch(ContextClassLoaderDispatch.java:33)
	at org.gradle.internal.dispatch.ProxyDispatchAdapter$DispatchingInvocationHandler.invoke(ProxyDispatchAdapter.java:94)
	at com.sun.proxy.$Proxy2.processTestClass(Unknown Source)
	at org.gradle.api.internal.tasks.testing.worker.TestWorker.processTestClass(TestWorker.java:119)
	at java.base/jdk.internal.reflect.NativeMethodAccessorImpl.invoke0(Native Method)
	at java.base/jdk.internal.reflect.NativeMethodAccessorImpl.invoke(NativeMethodAccessorImpl.java:62)
	at java.base/jdk.internal.reflect.DelegatingMethodAccessorImpl.invoke(DelegatingMethodAccessorImpl.java:43)
	at java.base/java.lang.reflect.Method.invoke(Method.java:566)
	at org.gradle.internal.dispatch.ReflectionDispatch.dispatch(ReflectionDispatch.java:36)
	at org.gradle.internal.dispatch.ReflectionDispatch.dispatch(ReflectionDispatch.java:24)
	at org.gradle.internal.remote.internal.hub.MessageHubBackedObjectConnection$DispatchWrapper.dispatch(MessageHubBackedObjectConnection.java:182)
	at org.gradle.internal.remote.internal.hub.MessageHubBackedObjectConnection$DispatchWrapper.dispatch(MessageHubBackedObjectConnection.java:164)
	at org.gradle.internal.remote.internal.hub.MessageHub$Handler.run(MessageHub.java:414)
	at org.gradle.internal.concurrent.ExecutorPolicy$CatchAndRecordFailures.onExecute(ExecutorPolicy.java:64)
	at org.gradle.internal.concurrent.ManagedExecutorImpl$1.run(ManagedExecutorImpl.java:48)
	at java.base/java.util.concurrent.ThreadPoolExecutor.runWorker(ThreadPoolExecutor.java:1128)
	at java.base/java.util.concurrent.ThreadPoolExecutor$Worker.run(ThreadPoolExecutor.java:628)
	at org.gradle.internal.concurrent.ThreadFactoryImpl$ManagedThreadRunnable.run(ThreadFactoryImpl.java:56)
	at java.base/java.lang.Thread.run(Thread.java:834)
</pre>
</span>
</div>
<div class="test">
<a name="testDistances"></a>
<h3 class="failures">testDistances</h3>
<span class="code">
<pre>java.lang.IndexOutOfBoundsException: Index 0 out of bounds for length 0
	at java.base/jdk.internal.util.Preconditions.outOfBounds(Preconditions.java:64)
	at java.base/jdk.internal.util.Preconditions.outOfBoundsCheckIndex(Preconditions.java:70)
	at java.base/jdk.internal.util.Preconditions.checkIndex(Preconditions.java:248)
	at java.base/java.util.Objects.checkIndex(Objects.java:372)
	at java.base/java.util.ArrayList.get(ArrayList.java:459)
	at ca.waterloo.dsg.graphflow.query.executors.csp.MultiQueryDiff.getDiffs(MultiQueryDiff.java:84)
	at ca.waterloo.dsg.graphflow.query.executors.csp.Distances.getMergedDiffs(Distances.java:465)
	at ca.waterloo.dsg.graphflow.query.executors.csp.Distances.setVertexDistance(Distances.java:504)
	at ca.waterloo.dsg.graphflow.query.executors.csp.Distances.&lt;init&gt;(Distances.java:233)
	at ca.waterloo.dsg.graphflow.query.executors.csp.NewUnidirectionalDifferentialBFS.initFrontierAndSourceDistance(NewUnidirectionalDifferentialBFS.java:103)
	at ca.waterloo.dsg.graphflow.query.executors.csp.NewUnidirectionalDifferentialBFS.&lt;init&gt;(NewUnidirectionalDifferentialBFS.java:56)
	at ca.waterloo.dsg.graphflow.query.executors.csp.NewUnidirectionalUnweightedDifferentialBFS.&lt;init&gt;(NewUnidirectionalUnweightedDifferentialBFS.java:23)
	at ca.waterloo.dsg.graphflow.query.plans.ContinuousDiffBFSShortestPathPlan.setDiffBFS(ContinuousDiffBFSShortestPathPlan.java:66)
	at ca.waterloo.dsg.graphflow.query.plans.ContinuousDiffBFSShortestPathPlan.&lt;init&gt;(ContinuousDiffBFSShortestPathPlan.java:45)
	at ca.waterloo.dsg.graphflow.query.planner.ContinuousShortestPathPlanner.plan(ContinuousShortestPathPlanner.java:65)
	at ca.waterloo.dsg.graphflow.query.executors.csp.BaseContinuousShortestPathExecutorTest.registerContinuousSPPlan(BaseContinuousShortestPathExecutorTest.java:43)
	at ca.waterloo.dsg.graphflow.query.executors.csp.BaseContinuousUnidirBidirUnweightedShortestPathExecutorTest.registerContinuousSPPlan(BaseContinuousUnidirBidirUnweightedShortestPathExecutorTest.java:764)
	at ca.waterloo.dsg.graphflow.query.executors.csp.ContinuousUnidirUnweightedShortestPathExecutorTest.testDistances(ContinuousUnidirUnweightedShortestPathExecutorTest.java:112)
	at java.base/jdk.internal.reflect.NativeMethodAccessorImpl.invoke0(Native Method)
	at java.base/jdk.internal.reflect.NativeMethodAccessorImpl.invoke(NativeMethodAccessorImpl.java:62)
	at java.base/jdk.internal.reflect.DelegatingMethodAccessorImpl.invoke(DelegatingMethodAccessorImpl.java:43)
	at java.base/java.lang.reflect.Method.invoke(Method.java:566)
	at org.junit.runners.model.FrameworkMethod$1.runReflectiveCall(FrameworkMethod.java:50)
	at org.junit.internal.runners.model.ReflectiveCallable.run(ReflectiveCallable.java:12)
	at org.junit.runners.model.FrameworkMethod.invokeExplosively(FrameworkMethod.java:47)
	at org.junit.internal.runners.statements.InvokeMethod.evaluate(InvokeMethod.java:17)
	at org.junit.internal.runners.statements.RunBefores.evaluate(RunBefores.java:26)
	at org.junit.internal.runners.statements.RunAfters.evaluate(RunAfters.java:27)
	at org.junit.rules.ExternalResource$1.evaluate(ExternalResource.java:48)
	at org.junit.rules.RunRules.evaluate(RunRules.java:20)
	at org.junit.runners.ParentRunner.runLeaf(ParentRunner.java:325)
	at org.junit.runners.BlockJUnit4ClassRunner.runChild(BlockJUnit4ClassRunner.java:78)
	at org.junit.runners.BlockJUnit4ClassRunner.runChild(BlockJUnit4ClassRunner.java:57)
	at org.junit.runners.ParentRunner$3.run(ParentRunner.java:290)
	at org.junit.runners.ParentRunner$1.schedule(ParentRunner.java:71)
	at org.junit.runners.ParentRunner.runChildren(ParentRunner.java:288)
	at org.junit.runners.ParentRunner.access$000(ParentRunner.java:58)
	at org.junit.runners.ParentRunner$2.evaluate(ParentRunner.java:268)
	at org.junit.runners.ParentRunner.run(ParentRunner.java:363)
	at org.gradle.api.internal.tasks.testing.junit.JUnitTestClassExecutor.runTestClass(JUnitTestClassExecutor.java:110)
	at org.gradle.api.internal.tasks.testing.junit.JUnitTestClassExecutor.execute(JUnitTestClassExecutor.java:58)
	at org.gradle.api.internal.tasks.testing.junit.JUnitTestClassExecutor.execute(JUnitTestClassExecutor.java:38)
	at org.gradle.api.internal.tasks.testing.junit.AbstractJUnitTestClassProcessor.processTestClass(AbstractJUnitTestClassProcessor.java:62)
	at org.gradle.api.internal.tasks.testing.SuiteTestClassProcessor.processTestClass(SuiteTestClassProcessor.java:51)
	at java.base/jdk.internal.reflect.NativeMethodAccessorImpl.invoke0(Native Method)
	at java.base/jdk.internal.reflect.NativeMethodAccessorImpl.invoke(NativeMethodAccessorImpl.java:62)
	at java.base/jdk.internal.reflect.DelegatingMethodAccessorImpl.invoke(DelegatingMethodAccessorImpl.java:43)
	at java.base/java.lang.reflect.Method.invoke(Method.java:566)
	at org.gradle.internal.dispatch.ReflectionDispatch.dispatch(ReflectionDispatch.java:36)
	at org.gradle.internal.dispatch.ReflectionDispatch.dispatch(ReflectionDispatch.java:24)
	at org.gradle.internal.dispatch.ContextClassLoaderDispatch.dispatch(ContextClassLoaderDispatch.java:33)
	at org.gradle.internal.dispatch.ProxyDispatchAdapter$DispatchingInvocationHandler.invoke(ProxyDispatchAdapter.java:94)
	at com.sun.proxy.$Proxy2.processTestClass(Unknown Source)
	at org.gradle.api.internal.tasks.testing.worker.TestWorker.processTestClass(TestWorker.java:119)
	at java.base/jdk.internal.reflect.NativeMethodAccessorImpl.invoke0(Native Method)
	at java.base/jdk.internal.reflect.NativeMethodAccessorImpl.invoke(NativeMethodAccessorImpl.java:62)
	at java.base/jdk.internal.reflect.DelegatingMethodAccessorImpl.invoke(DelegatingMethodAccessorImpl.java:43)
	at java.base/java.lang.reflect.Method.invoke(Method.java:566)
	at org.gradle.internal.dispatch.ReflectionDispatch.dispatch(ReflectionDispatch.java:36)
	at org.gradle.internal.dispatch.ReflectionDispatch.dispatch(ReflectionDispatch.java:24)
	at org.gradle.internal.remote.internal.hub.MessageHubBackedObjectConnection$DispatchWrapper.dispatch(MessageHubBackedObjectConnection.java:182)
	at org.gradle.internal.remote.internal.hub.MessageHubBackedObjectConnection$DispatchWrapper.dispatch(MessageHubBackedObjectConnection.java:164)
	at org.gradle.internal.remote.internal.hub.MessageHub$Handler.run(MessageHub.java:414)
	at org.gradle.internal.concurrent.ExecutorPolicy$CatchAndRecordFailures.onExecute(ExecutorPolicy.java:64)
	at org.gradle.internal.concurrent.ManagedExecutorImpl$1.run(ManagedExecutorImpl.java:48)
	at java.base/java.util.concurrent.ThreadPoolExecutor.runWorker(ThreadPoolExecutor.java:1128)
	at java.base/java.util.concurrent.ThreadPoolExecutor$Worker.run(ThreadPoolExecutor.java:628)
	at org.gradle.internal.concurrent.ThreadFactoryImpl$ManagedThreadRunnable.run(ThreadFactoryImpl.java:56)
	at java.base/java.lang.Thread.run(Thread.java:834)
</pre>
</span>
</div>
<div class="test">
<a name="testLongerPathBFS"></a>
<h3 class="failures">testLongerPathBFS</h3>
<span class="code">
<pre>java.lang.IndexOutOfBoundsException: Index 0 out of bounds for length 0
	at java.base/jdk.internal.util.Preconditions.outOfBounds(Preconditions.java:64)
	at java.base/jdk.internal.util.Preconditions.outOfBoundsCheckIndex(Preconditions.java:70)
	at java.base/jdk.internal.util.Preconditions.checkIndex(Preconditions.java:248)
	at java.base/java.util.Objects.checkIndex(Objects.java:372)
	at java.base/java.util.ArrayList.get(ArrayList.java:459)
	at ca.waterloo.dsg.graphflow.query.executors.csp.MultiQueryDiff.getDiffs(MultiQueryDiff.java:84)
	at ca.waterloo.dsg.graphflow.query.executors.csp.Distances.getMergedDiffs(Distances.java:465)
	at ca.waterloo.dsg.graphflow.query.executors.csp.Distances.setVertexDistance(Distances.java:504)
	at ca.waterloo.dsg.graphflow.query.executors.csp.Distances.&lt;init&gt;(Distances.java:233)
	at ca.waterloo.dsg.graphflow.query.executors.csp.NewUnidirectionalDifferentialBFS.initFrontierAndSourceDistance(NewUnidirectionalDifferentialBFS.java:103)
	at ca.waterloo.dsg.graphflow.query.executors.csp.NewUnidirectionalDifferentialBFS.&lt;init&gt;(NewUnidirectionalDifferentialBFS.java:56)
	at ca.waterloo.dsg.graphflow.query.executors.csp.NewUnidirectionalUnweightedDifferentialBFS.&lt;init&gt;(NewUnidirectionalUnweightedDifferentialBFS.java:23)
	at ca.waterloo.dsg.graphflow.query.plans.ContinuousDiffBFSShortestPathPlan.setDiffBFS(ContinuousDiffBFSShortestPathPlan.java:66)
	at ca.waterloo.dsg.graphflow.query.plans.ContinuousDiffBFSShortestPathPlan.&lt;init&gt;(ContinuousDiffBFSShortestPathPlan.java:45)
	at ca.waterloo.dsg.graphflow.query.planner.ContinuousShortestPathPlanner.plan(ContinuousShortestPathPlanner.java:65)
	at ca.waterloo.dsg.graphflow.query.executors.csp.BaseContinuousShortestPathExecutorTest.registerContinuousSPPlan(BaseContinuousShortestPathExecutorTest.java:43)
	at ca.waterloo.dsg.graphflow.query.executors.csp.BaseContinuousUnidirBidirUnweightedShortestPathExecutorTest.registerContinuousSPPlan(BaseContinuousUnidirBidirUnweightedShortestPathExecutorTest.java:764)
	at ca.waterloo.dsg.graphflow.query.executors.csp.BaseContinuousUnidirBidirUnweightedShortestPathExecutorTest.testLongerPathBFS(BaseContinuousUnidirBidirUnweightedShortestPathExecutorTest.java:613)
	at java.base/jdk.internal.reflect.NativeMethodAccessorImpl.invoke0(Native Method)
	at java.base/jdk.internal.reflect.NativeMethodAccessorImpl.invoke(NativeMethodAccessorImpl.java:62)
	at java.base/jdk.internal.reflect.DelegatingMethodAccessorImpl.invoke(DelegatingMethodAccessorImpl.java:43)
	at java.base/java.lang.reflect.Method.invoke(Method.java:566)
	at org.junit.runners.model.FrameworkMethod$1.runReflectiveCall(FrameworkMethod.java:50)
	at org.junit.internal.runners.model.ReflectiveCallable.run(ReflectiveCallable.java:12)
	at org.junit.runners.model.FrameworkMethod.invokeExplosively(FrameworkMethod.java:47)
	at org.junit.internal.runners.statements.InvokeMethod.evaluate(InvokeMethod.java:17)
	at org.junit.internal.runners.statements.RunBefores.evaluate(RunBefores.java:26)
	at org.junit.internal.runners.statements.RunAfters.evaluate(RunAfters.java:27)
	at org.junit.rules.ExternalResource$1.evaluate(ExternalResource.java:48)
	at org.junit.rules.RunRules.evaluate(RunRules.java:20)
	at org.junit.runners.ParentRunner.runLeaf(ParentRunner.java:325)
	at org.junit.runners.BlockJUnit4ClassRunner.runChild(BlockJUnit4ClassRunner.java:78)
	at org.junit.runners.BlockJUnit4ClassRunner.runChild(BlockJUnit4ClassRunner.java:57)
	at org.junit.runners.ParentRunner$3.run(ParentRunner.java:290)
	at org.junit.runners.ParentRunner$1.schedule(ParentRunner.java:71)
	at org.junit.runners.ParentRunner.runChildren(ParentRunner.java:288)
	at org.junit.runners.ParentRunner.access$000(ParentRunner.java:58)
	at org.junit.runners.ParentRunner$2.evaluate(ParentRunner.java:268)
	at org.junit.runners.ParentRunner.run(ParentRunner.java:363)
	at org.gradle.api.internal.tasks.testing.junit.JUnitTestClassExecutor.runTestClass(JUnitTestClassExecutor.java:110)
	at org.gradle.api.internal.tasks.testing.junit.JUnitTestClassExecutor.execute(JUnitTestClassExecutor.java:58)
	at org.gradle.api.internal.tasks.testing.junit.JUnitTestClassExecutor.execute(JUnitTestClassExecutor.java:38)
	at org.gradle.api.internal.tasks.testing.junit.AbstractJUnitTestClassProcessor.processTestClass(AbstractJUnitTestClassProcessor.java:62)
	at org.gradle.api.internal.tasks.testing.SuiteTestClassProcessor.processTestClass(SuiteTestClassProcessor.java:51)
	at java.base/jdk.internal.reflect.NativeMethodAccessorImpl.invoke0(Native Method)
	at java.base/jdk.internal.reflect.NativeMethodAccessorImpl.invoke(NativeMethodAccessorImpl.java:62)
	at java.base/jdk.internal.reflect.DelegatingMethodAccessorImpl.invoke(DelegatingMethodAccessorImpl.java:43)
	at java.base/java.lang.reflect.Method.invoke(Method.java:566)
	at org.gradle.internal.dispatch.ReflectionDispatch.dispatch(ReflectionDispatch.java:36)
	at org.gradle.internal.dispatch.ReflectionDispatch.dispatch(ReflectionDispatch.java:24)
	at org.gradle.internal.dispatch.ContextClassLoaderDispatch.dispatch(ContextClassLoaderDispatch.java:33)
	at org.gradle.internal.dispatch.ProxyDispatchAdapter$DispatchingInvocationHandler.invoke(ProxyDispatchAdapter.java:94)
	at com.sun.proxy.$Proxy2.processTestClass(Unknown Source)
	at org.gradle.api.internal.tasks.testing.worker.TestWorker.processTestClass(TestWorker.java:119)
	at java.base/jdk.internal.reflect.NativeMethodAccessorImpl.invoke0(Native Method)
	at java.base/jdk.internal.reflect.NativeMethodAccessorImpl.invoke(NativeMethodAccessorImpl.java:62)
	at java.base/jdk.internal.reflect.DelegatingMethodAccessorImpl.invoke(DelegatingMethodAccessorImpl.java:43)
	at java.base/java.lang.reflect.Method.invoke(Method.java:566)
	at org.gradle.internal.dispatch.ReflectionDispatch.dispatch(ReflectionDispatch.java:36)
	at org.gradle.internal.dispatch.ReflectionDispatch.dispatch(ReflectionDispatch.java:24)
	at org.gradle.internal.remote.internal.hub.MessageHubBackedObjectConnection$DispatchWrapper.dispatch(MessageHubBackedObjectConnection.java:182)
	at org.gradle.internal.remote.internal.hub.MessageHubBackedObjectConnection$DispatchWrapper.dispatch(MessageHubBackedObjectConnection.java:164)
	at org.gradle.internal.remote.internal.hub.MessageHub$Handler.run(MessageHub.java:414)
	at org.gradle.internal.concurrent.ExecutorPolicy$CatchAndRecordFailures.onExecute(ExecutorPolicy.java:64)
	at org.gradle.internal.concurrent.ManagedExecutorImpl$1.run(ManagedExecutorImpl.java:48)
	at java.base/java.util.concurrent.ThreadPoolExecutor.runWorker(ThreadPoolExecutor.java:1128)
	at java.base/java.util.concurrent.ThreadPoolExecutor$Worker.run(ThreadPoolExecutor.java:628)
	at org.gradle.internal.concurrent.ThreadFactoryImpl$ManagedThreadRunnable.run(ThreadFactoryImpl.java:56)
	at java.base/java.lang.Thread.run(Thread.java:834)
</pre>
</span>
</div>
<div class="test">
<a name="testMinDistFrontierIsSetCorrectly"></a>
<h3 class="failures">testMinDistFrontierIsSetCorrectly</h3>
<span class="code">
<pre>java.lang.IndexOutOfBoundsException: Index 0 out of bounds for length 0
	at java.base/jdk.internal.util.Preconditions.outOfBounds(Preconditions.java:64)
	at java.base/jdk.internal.util.Preconditions.outOfBoundsCheckIndex(Preconditions.java:70)
	at java.base/jdk.internal.util.Preconditions.checkIndex(Preconditions.java:248)
	at java.base/java.util.Objects.checkIndex(Objects.java:372)
	at java.base/java.util.ArrayList.get(ArrayList.java:459)
	at ca.waterloo.dsg.graphflow.query.executors.csp.MultiQueryDiff.getDiffs(MultiQueryDiff.java:84)
	at ca.waterloo.dsg.graphflow.query.executors.csp.Distances.getMergedDiffs(Distances.java:465)
	at ca.waterloo.dsg.graphflow.query.executors.csp.Distances.setVertexDistance(Distances.java:504)
	at ca.waterloo.dsg.graphflow.query.executors.csp.Distances.&lt;init&gt;(Distances.java:233)
	at ca.waterloo.dsg.graphflow.query.executors.csp.NewUnidirectionalDifferentialBFS.initFrontierAndSourceDistance(NewUnidirectionalDifferentialBFS.java:103)
	at ca.waterloo.dsg.graphflow.query.executors.csp.NewUnidirectionalDifferentialBFS.&lt;init&gt;(NewUnidirectionalDifferentialBFS.java:56)
	at ca.waterloo.dsg.graphflow.query.executors.csp.NewUnidirectionalUnweightedDifferentialBFS.&lt;init&gt;(NewUnidirectionalUnweightedDifferentialBFS.java:23)
	at ca.waterloo.dsg.graphflow.query.plans.ContinuousDiffBFSShortestPathPlan.setDiffBFS(ContinuousDiffBFSShortestPathPlan.java:66)
	at ca.waterloo.dsg.graphflow.query.plans.ContinuousDiffBFSShortestPathPlan.&lt;init&gt;(ContinuousDiffBFSShortestPathPlan.java:45)
	at ca.waterloo.dsg.graphflow.query.planner.ContinuousShortestPathPlanner.plan(ContinuousShortestPathPlanner.java:65)
	at ca.waterloo.dsg.graphflow.query.executors.csp.BaseContinuousShortestPathExecutorTest.registerContinuousSPPlan(BaseContinuousShortestPathExecutorTest.java:43)
	at ca.waterloo.dsg.graphflow.query.executors.csp.BaseContinuousUnidirBidirUnweightedShortestPathExecutorTest.registerContinuousSPPlan(BaseContinuousUnidirBidirUnweightedShortestPathExecutorTest.java:764)
	at ca.waterloo.dsg.graphflow.query.executors.csp.ContinuousUnidirUnweightedShortestPathExecutorTest.testMinDistFrontierIsSetCorrectly(ContinuousUnidirUnweightedShortestPathExecutorTest.java:261)
	at java.base/jdk.internal.reflect.NativeMethodAccessorImpl.invoke0(Native Method)
	at java.base/jdk.internal.reflect.NativeMethodAccessorImpl.invoke(NativeMethodAccessorImpl.java:62)
	at java.base/jdk.internal.reflect.DelegatingMethodAccessorImpl.invoke(DelegatingMethodAccessorImpl.java:43)
	at java.base/java.lang.reflect.Method.invoke(Method.java:566)
	at org.junit.runners.model.FrameworkMethod$1.runReflectiveCall(FrameworkMethod.java:50)
	at org.junit.internal.runners.model.ReflectiveCallable.run(ReflectiveCallable.java:12)
	at org.junit.runners.model.FrameworkMethod.invokeExplosively(FrameworkMethod.java:47)
	at org.junit.internal.runners.statements.InvokeMethod.evaluate(InvokeMethod.java:17)
	at org.junit.internal.runners.statements.RunBefores.evaluate(RunBefores.java:26)
	at org.junit.internal.runners.statements.RunAfters.evaluate(RunAfters.java:27)
	at org.junit.rules.ExternalResource$1.evaluate(ExternalResource.java:48)
	at org.junit.rules.RunRules.evaluate(RunRules.java:20)
	at org.junit.runners.ParentRunner.runLeaf(ParentRunner.java:325)
	at org.junit.runners.BlockJUnit4ClassRunner.runChild(BlockJUnit4ClassRunner.java:78)
	at org.junit.runners.BlockJUnit4ClassRunner.runChild(BlockJUnit4ClassRunner.java:57)
	at org.junit.runners.ParentRunner$3.run(ParentRunner.java:290)
	at org.junit.runners.ParentRunner$1.schedule(ParentRunner.java:71)
	at org.junit.runners.ParentRunner.runChildren(ParentRunner.java:288)
	at org.junit.runners.ParentRunner.access$000(ParentRunner.java:58)
	at org.junit.runners.ParentRunner$2.evaluate(ParentRunner.java:268)
	at org.junit.runners.ParentRunner.run(ParentRunner.java:363)
	at org.gradle.api.internal.tasks.testing.junit.JUnitTestClassExecutor.runTestClass(JUnitTestClassExecutor.java:110)
	at org.gradle.api.internal.tasks.testing.junit.JUnitTestClassExecutor.execute(JUnitTestClassExecutor.java:58)
	at org.gradle.api.internal.tasks.testing.junit.JUnitTestClassExecutor.execute(JUnitTestClassExecutor.java:38)
	at org.gradle.api.internal.tasks.testing.junit.AbstractJUnitTestClassProcessor.processTestClass(AbstractJUnitTestClassProcessor.java:62)
	at org.gradle.api.internal.tasks.testing.SuiteTestClassProcessor.processTestClass(SuiteTestClassProcessor.java:51)
	at java.base/jdk.internal.reflect.NativeMethodAccessorImpl.invoke0(Native Method)
	at java.base/jdk.internal.reflect.NativeMethodAccessorImpl.invoke(NativeMethodAccessorImpl.java:62)
	at java.base/jdk.internal.reflect.DelegatingMethodAccessorImpl.invoke(DelegatingMethodAccessorImpl.java:43)
	at java.base/java.lang.reflect.Method.invoke(Method.java:566)
	at org.gradle.internal.dispatch.ReflectionDispatch.dispatch(ReflectionDispatch.java:36)
	at org.gradle.internal.dispatch.ReflectionDispatch.dispatch(ReflectionDispatch.java:24)
	at org.gradle.internal.dispatch.ContextClassLoaderDispatch.dispatch(ContextClassLoaderDispatch.java:33)
	at org.gradle.internal.dispatch.ProxyDispatchAdapter$DispatchingInvocationHandler.invoke(ProxyDispatchAdapter.java:94)
	at com.sun.proxy.$Proxy2.processTestClass(Unknown Source)
	at org.gradle.api.internal.tasks.testing.worker.TestWorker.processTestClass(TestWorker.java:119)
	at java.base/jdk.internal.reflect.NativeMethodAccessorImpl.invoke0(Native Method)
	at java.base/jdk.internal.reflect.NativeMethodAccessorImpl.invoke(NativeMethodAccessorImpl.java:62)
	at java.base/jdk.internal.reflect.DelegatingMethodAccessorImpl.invoke(DelegatingMethodAccessorImpl.java:43)
	at java.base/java.lang.reflect.Method.invoke(Method.java:566)
	at org.gradle.internal.dispatch.ReflectionDispatch.dispatch(ReflectionDispatch.java:36)
	at org.gradle.internal.dispatch.ReflectionDispatch.dispatch(ReflectionDispatch.java:24)
	at org.gradle.internal.remote.internal.hub.MessageHubBackedObjectConnection$DispatchWrapper.dispatch(MessageHubBackedObjectConnection.java:182)
	at org.gradle.internal.remote.internal.hub.MessageHubBackedObjectConnection$DispatchWrapper.dispatch(MessageHubBackedObjectConnection.java:164)
	at org.gradle.internal.remote.internal.hub.MessageHub$Handler.run(MessageHub.java:414)
	at org.gradle.internal.concurrent.ExecutorPolicy$CatchAndRecordFailures.onExecute(ExecutorPolicy.java:64)
	at org.gradle.internal.concurrent.ManagedExecutorImpl$1.run(ManagedExecutorImpl.java:48)
	at java.base/java.util.concurrent.ThreadPoolExecutor.runWorker(ThreadPoolExecutor.java:1128)
	at java.base/java.util.concurrent.ThreadPoolExecutor$Worker.run(ThreadPoolExecutor.java:628)
	at org.gradle.internal.concurrent.ThreadFactoryImpl$ManagedThreadRunnable.run(ThreadFactoryImpl.java:56)
	at java.base/java.lang.Thread.run(Thread.java:834)
</pre>
</span>
</div>
<div class="test">
<a name="testMinDistanceFrontierIsSetUntilLatestIteration"></a>
<h3 class="failures">testMinDistanceFrontierIsSetUntilLatestIteration</h3>
<span class="code">
<pre>java.lang.IndexOutOfBoundsException: Index 0 out of bounds for length 0
	at java.base/jdk.internal.util.Preconditions.outOfBounds(Preconditions.java:64)
	at java.base/jdk.internal.util.Preconditions.outOfBoundsCheckIndex(Preconditions.java:70)
	at java.base/jdk.internal.util.Preconditions.checkIndex(Preconditions.java:248)
	at java.base/java.util.Objects.checkIndex(Objects.java:372)
	at java.base/java.util.ArrayList.get(ArrayList.java:459)
	at ca.waterloo.dsg.graphflow.query.executors.csp.MultiQueryDiff.getDiffs(MultiQueryDiff.java:84)
	at ca.waterloo.dsg.graphflow.query.executors.csp.Distances.getMergedDiffs(Distances.java:465)
	at ca.waterloo.dsg.graphflow.query.executors.csp.Distances.setVertexDistance(Distances.java:504)
	at ca.waterloo.dsg.graphflow.query.executors.csp.Distances.&lt;init&gt;(Distances.java:233)
	at ca.waterloo.dsg.graphflow.query.executors.csp.NewUnidirectionalDifferentialBFS.initFrontierAndSourceDistance(NewUnidirectionalDifferentialBFS.java:103)
	at ca.waterloo.dsg.graphflow.query.executors.csp.NewUnidirectionalDifferentialBFS.&lt;init&gt;(NewUnidirectionalDifferentialBFS.java:56)
	at ca.waterloo.dsg.graphflow.query.executors.csp.NewUnidirectionalUnweightedDifferentialBFS.&lt;init&gt;(NewUnidirectionalUnweightedDifferentialBFS.java:23)
	at ca.waterloo.dsg.graphflow.query.plans.ContinuousDiffBFSShortestPathPlan.setDiffBFS(ContinuousDiffBFSShortestPathPlan.java:66)
	at ca.waterloo.dsg.graphflow.query.plans.ContinuousDiffBFSShortestPathPlan.&lt;init&gt;(ContinuousDiffBFSShortestPathPlan.java:45)
	at ca.waterloo.dsg.graphflow.query.planner.ContinuousShortestPathPlanner.plan(ContinuousShortestPathPlanner.java:65)
	at ca.waterloo.dsg.graphflow.query.executors.csp.BaseContinuousShortestPathExecutorTest.registerContinuousSPPlan(BaseContinuousShortestPathExecutorTest.java:43)
	at ca.waterloo.dsg.graphflow.query.executors.csp.BaseContinuousUnidirBidirUnweightedShortestPathExecutorTest.registerContinuousSPPlan(BaseContinuousUnidirBidirUnweightedShortestPathExecutorTest.java:764)
	at ca.waterloo.dsg.graphflow.query.executors.csp.ContinuousUnidirUnweightedShortestPathExecutorTest.testMinDistanceFrontierIsSetUntilLatestIteration(ContinuousUnidirUnweightedShortestPathExecutorTest.java:28)
	at java.base/jdk.internal.reflect.NativeMethodAccessorImpl.invoke0(Native Method)
	at java.base/jdk.internal.reflect.NativeMethodAccessorImpl.invoke(NativeMethodAccessorImpl.java:62)
	at java.base/jdk.internal.reflect.DelegatingMethodAccessorImpl.invoke(DelegatingMethodAccessorImpl.java:43)
	at java.base/java.lang.reflect.Method.invoke(Method.java:566)
	at org.junit.runners.model.FrameworkMethod$1.runReflectiveCall(FrameworkMethod.java:50)
	at org.junit.internal.runners.model.ReflectiveCallable.run(ReflectiveCallable.java:12)
	at org.junit.runners.model.FrameworkMethod.invokeExplosively(FrameworkMethod.java:47)
	at org.junit.internal.runners.statements.InvokeMethod.evaluate(InvokeMethod.java:17)
	at org.junit.internal.runners.statements.RunBefores.evaluate(RunBefores.java:26)
	at org.junit.internal.runners.statements.RunAfters.evaluate(RunAfters.java:27)
	at org.junit.rules.ExternalResource$1.evaluate(ExternalResource.java:48)
	at org.junit.rules.RunRules.evaluate(RunRules.java:20)
	at org.junit.runners.ParentRunner.runLeaf(ParentRunner.java:325)
	at org.junit.runners.BlockJUnit4ClassRunner.runChild(BlockJUnit4ClassRunner.java:78)
	at org.junit.runners.BlockJUnit4ClassRunner.runChild(BlockJUnit4ClassRunner.java:57)
	at org.junit.runners.ParentRunner$3.run(ParentRunner.java:290)
	at org.junit.runners.ParentRunner$1.schedule(ParentRunner.java:71)
	at org.junit.runners.ParentRunner.runChildren(ParentRunner.java:288)
	at org.junit.runners.ParentRunner.access$000(ParentRunner.java:58)
	at org.junit.runners.ParentRunner$2.evaluate(ParentRunner.java:268)
	at org.junit.runners.ParentRunner.run(ParentRunner.java:363)
	at org.gradle.api.internal.tasks.testing.junit.JUnitTestClassExecutor.runTestClass(JUnitTestClassExecutor.java:110)
	at org.gradle.api.internal.tasks.testing.junit.JUnitTestClassExecutor.execute(JUnitTestClassExecutor.java:58)
	at org.gradle.api.internal.tasks.testing.junit.JUnitTestClassExecutor.execute(JUnitTestClassExecutor.java:38)
	at org.gradle.api.internal.tasks.testing.junit.AbstractJUnitTestClassProcessor.processTestClass(AbstractJUnitTestClassProcessor.java:62)
	at org.gradle.api.internal.tasks.testing.SuiteTestClassProcessor.processTestClass(SuiteTestClassProcessor.java:51)
	at java.base/jdk.internal.reflect.NativeMethodAccessorImpl.invoke0(Native Method)
	at java.base/jdk.internal.reflect.NativeMethodAccessorImpl.invoke(NativeMethodAccessorImpl.java:62)
	at java.base/jdk.internal.reflect.DelegatingMethodAccessorImpl.invoke(DelegatingMethodAccessorImpl.java:43)
	at java.base/java.lang.reflect.Method.invoke(Method.java:566)
	at org.gradle.internal.dispatch.ReflectionDispatch.dispatch(ReflectionDispatch.java:36)
	at org.gradle.internal.dispatch.ReflectionDispatch.dispatch(ReflectionDispatch.java:24)
	at org.gradle.internal.dispatch.ContextClassLoaderDispatch.dispatch(ContextClassLoaderDispatch.java:33)
	at org.gradle.internal.dispatch.ProxyDispatchAdapter$DispatchingInvocationHandler.invoke(ProxyDispatchAdapter.java:94)
	at com.sun.proxy.$Proxy2.processTestClass(Unknown Source)
	at org.gradle.api.internal.tasks.testing.worker.TestWorker.processTestClass(TestWorker.java:119)
	at java.base/jdk.internal.reflect.NativeMethodAccessorImpl.invoke0(Native Method)
	at java.base/jdk.internal.reflect.NativeMethodAccessorImpl.invoke(NativeMethodAccessorImpl.java:62)
	at java.base/jdk.internal.reflect.DelegatingMethodAccessorImpl.invoke(DelegatingMethodAccessorImpl.java:43)
	at java.base/java.lang.reflect.Method.invoke(Method.java:566)
	at org.gradle.internal.dispatch.ReflectionDispatch.dispatch(ReflectionDispatch.java:36)
	at org.gradle.internal.dispatch.ReflectionDispatch.dispatch(ReflectionDispatch.java:24)
	at org.gradle.internal.remote.internal.hub.MessageHubBackedObjectConnection$DispatchWrapper.dispatch(MessageHubBackedObjectConnection.java:182)
	at org.gradle.internal.remote.internal.hub.MessageHubBackedObjectConnection$DispatchWrapper.dispatch(MessageHubBackedObjectConnection.java:164)
	at org.gradle.internal.remote.internal.hub.MessageHub$Handler.run(MessageHub.java:414)
	at org.gradle.internal.concurrent.ExecutorPolicy$CatchAndRecordFailures.onExecute(ExecutorPolicy.java:64)
	at org.gradle.internal.concurrent.ManagedExecutorImpl$1.run(ManagedExecutorImpl.java:48)
	at java.base/java.util.concurrent.ThreadPoolExecutor.runWorker(ThreadPoolExecutor.java:1128)
	at java.base/java.util.concurrent.ThreadPoolExecutor$Worker.run(ThreadPoolExecutor.java:628)
	at org.gradle.internal.concurrent.ThreadFactoryImpl$ManagedThreadRunnable.run(ThreadFactoryImpl.java:56)
	at java.base/java.lang.Thread.run(Thread.java:834)
</pre>
</span>
</div>
</div>
<div id="tab1" class="tab">
<h2>Tests</h2>
<table>
<thead>
<tr>
<th>Test</th>
<th>Duration</th>
<th>Result</th>
</tr>
</thead>
<tr>
<td class="failures">testContinuousShortestPathsAddEquilengthNewPath</td>
<td class="failures">0.002s</td>
<td class="failures">failed</td>
</tr>
<tr>
<td class="failures">testContinuousShortestPathsAddVertices</td>
<td class="failures">0.003s</td>
<td class="failures">failed</td>
</tr>
<tr>
<td class="failures">testContinuousShortestPathsAddition</td>
<td class="failures">0.003s</td>
<td class="failures">failed</td>
</tr>
<tr>
<td class="failures">testContinuousShortestPathsLongerPath</td>
<td class="failures">0.003s</td>
<td class="failures">failed</td>
</tr>
<tr>
<td class="failures">testContinuousShortestPathsMixed</td>
<td class="failures">0.002s</td>
<td class="failures">failed</td>
</tr>
<tr>
<td class="failures">testContinuousShortestPathsNewPath</td>
<td class="failures">0.002s</td>
<td class="failures">failed</td>
</tr>
<tr>
<td class="failures">testContinuousShortestPathsNoPath</td>
<td class="failures">0.003s</td>
<td class="failures">failed</td>
</tr>
<tr>
<td class="failures">testContinuousShortestPathsRemovePath</td>
<td class="failures">0.002s</td>
<td class="failures">failed</td>
</tr>
<tr>
<td class="failures">testDeletion</td>
<td class="failures">0.003s</td>
<td class="failures">failed</td>
</tr>
<tr>
<td class="failures">testDistances</td>
<td class="failures">0.003s</td>
<td class="failures">failed</td>
</tr>
<tr>
<td class="failures">testLongerPathBFS</td>
<td class="failures">0.003s</td>
<td class="failures">failed</td>
</tr>
<tr>
<td class="failures">testMinDistFrontierIsSetCorrectly</td>
<td class="failures">0.005s</td>
<td class="failures">failed</td>
</tr>
<tr>
<td class="failures">testMinDistanceFrontierIsSetUntilLatestIteration</td>
<td class="failures">0.002s</td>
<td class="failures">failed</td>
</tr>
</table>
</div>
<div id="tab2" class="tab">
<h2>Standard output</h2>
<span class="code">
<pre>Create query: 
CREATE (3:Person)-[:FOLLOWS]-&gt;(4:Person), (4:Person)-[:FOLLOWS]-&gt;(5:Person), (5:Person)-[:FOLLOWS]-&gt;(6:Person), (6:Person)-[:FOLLOWS]-&gt;(5:Person), (6:Person)-[:FOLLOWS]-&gt;(7:Person), (5:Person)-[:FOLLOWS]-&gt;(11:Person), (11:Person)-[:FOLLOWS]-&gt;(12:Person), (7:Person)-[:FOLLOWS]-&gt;(8:Person), (8:Person)-[:FOLLOWS]-&gt;(9:Person), (9:Person)-[:FOLLOWS]-&gt;(10:Person);
Create query: 
CREATE (1:Person)-[:FOLLOWS]-&gt;(2:Person), (2:Person)-[:FOLLOWS]-&gt;(3:Person), (3:Person)-[:FOLLOWS]-&gt;(4:Person), (4:Person)-[:FOLLOWS]-&gt;(5:Person), (5:Person)-[:FOLLOWS]-&gt;(6:Person), (6:Person)-[:FOLLOWS]-&gt;(7:Person), (7:Person)-[:FOLLOWS]-&gt;(8:Person);
Create query: 
CREATE (1:Person)-[:FOLLOWS]-&gt;(2:Person), (2:Person)-[:FOLLOWS]-&gt;(3:Person), (2:Person)-[:FOLLOWS]-&gt;(6:Person), (2:Person)-[:FOLLOWS]-&gt;(8:Person), (3:Person)-[:FOLLOWS]-&gt;(4:Person), (4:Person)-[:FOLLOWS]-&gt;(5:Person), (6:Person)-[:FOLLOWS]-&gt;(7:Person);
Create query: 
CREATE (1:Person)-[:FOLLOWS]-&gt;(2:Person), (2:Person)-[:FOLLOWS]-&gt;(3:Person), (2:Person)-[:FOLLOWS]-&gt;(4:Person), (3:Person)-[:FOLLOWS]-&gt;(2:Person);
Create query: 
CREATE (1:Person)-[:FOLLOWS]-&gt;(5:Person), (2:Person)-[:FOLLOWS]-&gt;(5:Person), (2:Person)-[:FOLLOWS]-&gt;(8:Person), (3:Person)-[:FOLLOWS]-&gt;(5:Person), (3:Person)-[:FOLLOWS]-&gt;(7:Person), (4:Person)-[:FOLLOWS]-&gt;(2:Person), (5:Person)-[:FOLLOWS]-&gt;(1:Person), (5:Person)-[:FOLLOWS]-&gt;(3:Person), (6:Person)-[:FOLLOWS]-&gt;(4:Person), (6:Person)-[:FOLLOWS]-&gt;(1:Person), (7:Person)-[:FOLLOWS]-&gt;(4:Person), (7:Person)-[:FOLLOWS]-&gt;(6:Person), (8:Person)-[:FOLLOWS]-&gt;(2:Person);
Create query: 
CREATE (1:Person)-[:FOLLOWS]-&gt;(2:Person), (1:Person)-[:FOLLOWS]-&gt;(5:Person), (2:Person)-[:FOLLOWS]-&gt;(3:Person), (3:Person)-[:FOLLOWS]-&gt;(4:Person), (4:Person)-[:FOLLOWS]-&gt;(5:Person), (5:Person)-[:FOLLOWS]-&gt;(6:Person);
Create query: 
CREATE (1:Person)-[:FOLLOWS]-&gt;(2:Person), (1:Person)-[:FOLLOWS]-&gt;(8:Person), (2:Person)-[:FOLLOWS]-&gt;(3:Person), (3:Person)-[:FOLLOWS]-&gt;(4:Person), (4:Person)-[:FOLLOWS]-&gt;(5:Person), (5:Person)-[:FOLLOWS]-&gt;(6:Person), (8:Person)-[:FOLLOWS]-&gt;(6:Person);
Create query: 
CREATE (1:Person)-[:FOLLOWS]-&gt;(2:Person), (2:Person)-[:FOLLOWS]-&gt;(3:Person), (3:Person)-[:FOLLOWS]-&gt;(4:Person);
Create query: 
CREATE (1:Person)-[:FOLLOWS]-&gt;(5:Person), (2:Person)-[:FOLLOWS]-&gt;(3:Person), (3:Person)-[:FOLLOWS]-&gt;(4:Person), (4:Person)-[:FOLLOWS]-&gt;(2:Person), (4:Person)-[:FOLLOWS]-&gt;(3:Person), (4:Person)-[:FOLLOWS]-&gt;(5:Person);
Create query: 
CREATE (5:Person)-[:FOLLOWS]-&gt;(3:Person);
Create query: 
CREATE (1:Person)-[:FOLLOWS]-&gt;(5:Person), (2:Person)-[:FOLLOWS]-&gt;(5:Person), (3:Person)-[:FOLLOWS]-&gt;(5:Person), (3:Person)-[:FOLLOWS]-&gt;(4:Person), (4:Person)-[:FOLLOWS]-&gt;(2:Person), (4:Person)-[:FOLLOWS]-&gt;(3:Person), (4:Person)-[:FOLLOWS]-&gt;(5:Person), (5:Person)-[:FOLLOWS]-&gt;(1:Person), (5:Person)-[:FOLLOWS]-&gt;(3:Person);
Create query: 
CREATE (1:Person)-[:FOLLOWS]-&gt;(5:Person), (2:Person)-[:FOLLOWS]-&gt;(5:Person), (3:Person)-[:FOLLOWS]-&gt;(5:Person), (3:Person)-[:FOLLOWS]-&gt;(4:Person), (4:Person)-[:FOLLOWS]-&gt;(2:Person), (4:Person)-[:FOLLOWS]-&gt;(3:Person), (4:Person)-[:FOLLOWS]-&gt;(5:Person), (5:Person)-[:FOLLOWS]-&gt;(1:Person), (5:Person)-[:FOLLOWS]-&gt;(3:Person);
Create query: 
CREATE (1:Person)-[:FOLLOWS]-&gt;(2:Person), (1:Person)-[:FOLLOWS]-&gt;(5:Person), (2:Person)-[:FOLLOWS]-&gt;(3:Person), (3:Person)-[:FOLLOWS]-&gt;(4:Person), (4:Person)-[:FOLLOWS]-&gt;(5:Person), (5:Person)-[:FOLLOWS]-&gt;(6:Person), (6:Person)-[:FOLLOWS]-&gt;(7:Person), (7:Person)-[:FOLLOWS]-&gt;(8:Person), (8:Person)-[:FOLLOWS]-&gt;(9:Person), (9:Person)-[:FOLLOWS]-&gt;(10:Person);
</pre>
</span>
</div>
</div>
<div id="footer">
<p>
<div>
<label class="hidden" id="label-for-line-wrapping-toggle" for="line-wrapping-toggle">Wrap lines
<input id="line-wrapping-toggle" type="checkbox" autocomplete="off"/>
</label>
</div>Generated by 
<a href="http://www.gradle.org">Gradle 6.8</a> at Jan. 24, 2021, 12:19:37 p.m.</p>
</div>
</div>
</body>
</html>
